<?xml version="1.0" encoding="UTF-8"?>
<!-- Generated by org.testng.reporters.JUnitReportReporter -->
<testsuite hostname="IN-GudafwRS" failures="0" tests="1" name="com.vbrick.avenger.videocommentapi_AV_9879_testcases.GetWebcastQandAReport_AV26267" time="238.124" errors="0" timestamp="17 Jan 2023 12:09:55 GMT" skipped="0">
  <testcase classname="com.vbrick.avenger.videocommentapi_AV_9879_testcases.GetWebcastQandAReport_AV26267" name="TC_02_GET_EventDetail_api_check_With_AccountAdmin_When_No_Response_ForTheQuestion_Positive" time="238.124"/>
</testsuite> <!-- com.vbrick.avenger.videocommentapi_AV_9879_testcases.GetWebcastQandAReport_AV26267 -->
