<?xml version="1.0" encoding="UTF-8"?>
<!-- Generated by org.testng.reporters.JUnitReportReporter -->
<testsuite hostname="IN-GudafwRS" failures="0" tests="1" name="com.vbrick.avenger.videocommentapi_AV_9879_testcases.HideUserLevelAnalyticsAPI_AV29589" time="70.276" errors="0" timestamp="08 May 2023 05:18:36 GMT" skipped="0">
  <testcase classname="com.vbrick.avenger.videocommentapi_AV_9879_testcases.HideUserLevelAnalyticsAPI_AV29589" name="TC01_GET_VideoReport_API_HideUserLevelAnalytics_Negative_AV29589" time="70.276"/>
</testsuite> <!-- com.vbrick.avenger.videocommentapi_AV_9879_testcases.HideUserLevelAnalyticsAPI_AV29589 -->
