<?xml version="1.0" encoding="UTF-8"?>
<!-- Generated by org.testng.reporters.JUnitReportReporter -->
<testsuite hostname="VA-WIN7QA-01" name="com.vbrick.avenger.videocommentapi_AV_9879_testcases.EditTeamAPI_AV" tests="14" failures="0" timestamp="19 Sep 2022 14:55:23 GMT" time="1420.737" errors="0">
  <testcase name="TC_15_PUT_EditTeam_api_check_With_MediaAdmin_Update_invalidgroupandvaliduserid_Negative" time="109.566" classname="com.vbrick.avenger.videocommentapi_AV_9879_testcases.EditTeamAPI_AV"/>
  <testcase name="TC_11_PUT_EditTeam_api_check_With_AccountAdmin_withoutmandatoryfields_Negative" time="65.973" classname="com.vbrick.avenger.videocommentapi_AV_9879_testcases.EditTeamAPI_AV"/>
  <testcase name="TC_13_PUT_EditTeam_api_check_With_AccountAdmin_Update_Description_Positive" time="90.745" classname="com.vbrick.avenger.videocommentapi_AV_9879_testcases.EditTeamAPI_AV"/>
  <testcase name="TC_08_PUT_EditTeam_api_check_With_AccountAdmin_updateteamname_withexistingteamname_Negative" time="67.014" classname="com.vbrick.avenger.videocommentapi_AV_9879_testcases.EditTeamAPI_AV"/>
  <testcase name="TC_06_PUT_EditTeam_api_check_With_MediaContributor_Negative" time="64.922" classname="com.vbrick.avenger.videocommentapi_AV_9879_testcases.EditTeamAPI_AV"/>
  <testcase name="TC_09_PUT_EditTeam_api_check_With_MediaAdmin_Update_assigneduserandgroup_Positive" time="179.112" classname="com.vbrick.avenger.videocommentapi_AV_9879_testcases.EditTeamAPI_AV"/>
  <testcase name="TC_02_PUT_EditTeam_api_check_With_AccountAdmin_Update_assigneduserupdate_Positive" time="154.998" classname="com.vbrick.avenger.videocommentapi_AV_9879_testcases.EditTeamAPI_AV"/>
  <testcase name="TC_03_PUT_EditTeam_api_check_With_MediaAdmin_Update_assigneduserandgroup_Positive" time="187.365" classname="com.vbrick.avenger.videocommentapi_AV_9879_testcases.EditTeamAPI_AV"/>
  <testcase name="TC_04_PUT_EditTeam_api_check_With_EventAdmin_Negative" time="65.802" classname="com.vbrick.avenger.videocommentapi_AV_9879_testcases.EditTeamAPI_AV"/>
  <testcase name="TC_05_PUT_EditTeam_api_check_With_EventHost_Update_assignedtoAAgroup_Positive" time="102.497" classname="com.vbrick.avenger.videocommentapi_AV_9879_testcases.EditTeamAPI_AV"/>
  <testcase name="TC_07_PUT_EditTeam_api_check_With_MediaViewer_Negative" time="66.171" classname="com.vbrick.avenger.videocommentapi_AV_9879_testcases.EditTeamAPI_AV"/>
  <testcase name="TC_10_PUT_EditTeam_api_check_With_AccountAdmin_withinvalidteamid_Negative" time="66.432" classname="com.vbrick.avenger.videocommentapi_AV_9879_testcases.EditTeamAPI_AV"/>
  <testcase name="TC_01_PUT_EditTeam_api_check_With_AccountAdmin_withonlymandatoryfields_Update" time="108.165" classname="com.vbrick.avenger.videocommentapi_AV_9879_testcases.EditTeamAPI_AV"/>
  <testcase name="TC_12_PUT_EditTeam_api_check_With_AccountAdmin_withonlymandatoryfields_Update" time="91.975" classname="com.vbrick.avenger.videocommentapi_AV_9879_testcases.EditTeamAPI_AV"/>
</testsuite> <!-- com.vbrick.avenger.videocommentapi_AV_9879_testcases.EditTeamAPI_AV -->
