<?xml version="1.0" encoding="UTF-8"?>
<!-- Generated by org.testng.reporters.JUnitReportReporter -->
<testsuite hostname="VA-WIN7QA-01" name="com.vbrick.avenger.videocommentapi_AV_9879_testcases.CreateCategoryApi_AV_10647" tests="8" failures="0" timestamp="19 Sep 2022 14:55:23 GMT" time="661.105" errors="0">
  <testcase name="TC_05_POST_CreateCategory_api_check_With_MediaContributor_Negative" time="64.375" classname="com.vbrick.avenger.videocommentapi_AV_9879_testcases.CreateCategoryApi_AV_10647"/>
  <testcase name="TC_04_POST_ChildCategory_api_check_With_MediaAdmin_Positive" time="100.269" classname="com.vbrick.avenger.videocommentapi_AV_9879_testcases.CreateCategoryApi_AV_10647"/>
  <testcase name="TC_03_POST_CreateCategory_api_check_With_MediaAdmin_Positive" time="96.177" classname="com.vbrick.avenger.videocommentapi_AV_9879_testcases.CreateCategoryApi_AV_10647"/>
  <testcase name="TC_01_POST_CreateCategory_api_check_With_AccountAdmin_Positive" time="102.676" classname="com.vbrick.avenger.videocommentapi_AV_9879_testcases.CreateCategoryApi_AV_10647"/>
  <testcase name="TC_02_POST_ChildCategory_api_check_With_AccountAdmin_Positive" time="102.310" classname="com.vbrick.avenger.videocommentapi_AV_9879_testcases.CreateCategoryApi_AV_10647"/>
  <testcase name="TC_06_POST_CreateCategory_api_check_With_EventAdmin_Negative" time="64.551" classname="com.vbrick.avenger.videocommentapi_AV_9879_testcases.CreateCategoryApi_AV_10647"/>
  <testcase name="TC_07_POST_CreateCategory_api_check_With_MediaViewer_Negative" time="65.913" classname="com.vbrick.avenger.videocommentapi_AV_9879_testcases.CreateCategoryApi_AV_10647"/>
  <testcase name="TC_08_POST_CreateCategory_api_check_With_AccountAdmin_SetNameNull_Negative" time="64.834" classname="com.vbrick.avenger.videocommentapi_AV_9879_testcases.CreateCategoryApi_AV_10647"/>
</testsuite> <!-- com.vbrick.avenger.videocommentapi_AV_9879_testcases.CreateCategoryApi_AV_10647 -->
