<?xml version="1.0" encoding="UTF-8"?>
<!-- Generated by org.testng.reporters.JUnitReportReporter -->
<testsuite hostname="IN-GudafwRS" failures="0" tests="1" name="com.vbrick.avenger.videocommentapi_AV_9879_testcases.DownloadTranscriptionFile_AV_28324" time="88.567" errors="0" timestamp="02 Feb 2023 10:22:48 GMT" skipped="0">
  <testcase classname="com.vbrick.avenger.videocommentapi_AV_9879_testcases.DownloadTranscriptionFile_AV_28324" name="TC_02_Download_TranscriptionFile_WithOnlyViewAccess_POSITIVE" time="88.567"/>
</testsuite> <!-- com.vbrick.avenger.videocommentapi_AV_9879_testcases.DownloadTranscriptionFile_AV_28324 -->
