<?xml version="1.0" encoding="UTF-8"?>
<!-- Generated by org.testng.reporters.JUnitReportReporter -->
<testsuite hostname="IN-GudafwRS" failures="0" tests="1" name="com.vbrick.avenger.videocommentapi_AV_9879_testcases.GetVideoStatus_AV_11232_APITestCase" time="138.093" errors="0" timestamp="08 Feb 2023 05:04:56 GMT" skipped="0">
  <testcase classname="com.vbrick.avenger.videocommentapi_AV_9879_testcases.GetVideoStatus_AV_11232_APITestCase" name="TC_01_GET_GetVideoStatusAPI_api_check_with_AccountAdmin_Positive" time="138.093"/>
</testsuite> <!-- com.vbrick.avenger.videocommentapi_AV_9879_testcases.GetVideoStatus_AV_11232_APITestCase -->
