<?xml version="1.0" encoding="UTF-8"?>
<!-- Generated by org.testng.reporters.JUnitReportReporter -->
<testsuite hostname="VA-WIN7QA-01" name="com.vbrick.avenger.videocommentapi_AV_9879_testcases.EditAccessControlEntitesEventsApi_Av_9875" tests="5" failures="0" timestamp="19 Sep 2022 14:55:23 GMT" time="1156.962" errors="0">
  <testcase name="TC_01_GET_EditAccessControlEntitesEvents_api_check_With_AccountAdmin_Positive" time="238.365" classname="com.vbrick.avenger.videocommentapi_AV_9879_testcases.EditAccessControlEntitesEventsApi_Av_9875"/>
  <testcase name="TC_02_GET_EditAccessControlEntitesEvents_api_check_With_MediaAdmin_Positive" time="264.933" classname="com.vbrick.avenger.videocommentapi_AV_9879_testcases.EditAccessControlEntitesEventsApi_Av_9875"/>
  <testcase name="TC_03_GET_EditAccessControlEntitesEvents_api_check_With_EventAdmin_Positive" time="243.609" classname="com.vbrick.avenger.videocommentapi_AV_9879_testcases.EditAccessControlEntitesEventsApi_Av_9875"/>
  <testcase name="TC_04_GET_EditAccessControlEntitesEvents_api_check_With_MediaContributor_Negative" time="218.556" classname="com.vbrick.avenger.videocommentapi_AV_9879_testcases.EditAccessControlEntitesEventsApi_Av_9875"/>
  <testcase name="TC_05_GET_EditAccessControlEntitesEvents_api_check_With_MediaViewer_Negative" time="191.499" classname="com.vbrick.avenger.videocommentapi_AV_9879_testcases.EditAccessControlEntitesEventsApi_Av_9875"/>
</testsuite> <!-- com.vbrick.avenger.videocommentapi_AV_9879_testcases.EditAccessControlEntitesEventsApi_Av_9875 -->
