<?xml version="1.0" encoding="UTF-8"?>
<!-- Generated by org.testng.reporters.JUnitReportReporter -->
<testsuite hostname="IN-GudafwRS" failures="0" tests="1" name="com.vbrick.avenger.videocommentapi_AV_9879_testcases.SearchAccessEntityApi_Av_10684" time="394.306" errors="0" timestamp="08 Feb 2023 08:52:27 GMT" skipped="0">
  <testcase classname="com.vbrick.avenger.videocommentapi_AV_9879_testcases.SearchAccessEntityApi_Av_10684" name="TC_01_GET_SearchAccessEntity_withoutgiving_parameters_api_check_With_AccountAdmin_Positive" time="394.306"/>
</testsuite> <!-- com.vbrick.avenger.videocommentapi_AV_9879_testcases.SearchAccessEntityApi_Av_10684 -->
