<?xml version="1.0" encoding="UTF-8"?>
<!-- Generated by org.testng.reporters.JUnitReportReporter -->
<testsuite hostname="IN-GudafwRS" failures="0" tests="1" name="com.vbrick.avenger_contentLinks.DeleteUrlPush_AV28786" time="276.449" errors="0" timestamp="02 Feb 2023 10:19:16 GMT" skipped="0">
  <testcase classname="com.vbrick.avenger_contentLinks.DeleteUrlPush_AV28786" name="TC04_Createanew_DeleteSharedURL_AsEventAdmin_Positve_AV28786" time="276.449"/>
</testsuite> <!-- com.vbrick.avenger_contentLinks.DeleteUrlPush_AV28786 -->
