<?xml version="1.0" encoding="UTF-8"?>
<!-- Generated by org.testng.reporters.JUnitReportReporter -->
<testsuite hostname="IN-GudafwRS" failures="0" tests="1" name="com.vbrick.avenger.videocommentapi_AV_9879_testcases.GetVideoDetails_AV_10175" time="222.025" errors="0" timestamp="13 Mar 2023 07:34:57 GMT" skipped="0">
  <testcase classname="com.vbrick.avenger.videocommentapi_AV_9879_testcases.GetVideoDetails_AV_10175" name="TC_16_Get_VideoDetails_api_check_Migrate_LegacyView_asValid_Count_post_AddVideoLinkApi_And_WatchVideo_GetTotalViews_Positive_AV29567" time="222.025"/>
</testsuite> <!-- com.vbrick.avenger.videocommentapi_AV_9879_testcases.GetVideoDetails_AV_10175 -->
