<?xml version="1.0" encoding="UTF-8"?>
<!-- Generated by org.testng.reporters.JUnitReportReporter -->
<testsuite hostname="IN-GudafwRS" failures="0" tests="1" name="com.vbrick.avenger.videocommentapi_AV_9879_testcases.DeleteSupplementalFile" time="159.170" errors="0" timestamp="08 Feb 2023 18:44:51 GMT" skipped="0">
  <testcase classname="com.vbrick.avenger.videocommentapi_AV_9879_testcases.DeleteSupplementalFile" name="TC_04_DeleteSupplementalFiles_With_ID_AccountAdmin" time="159.170"/>
</testsuite> <!-- com.vbrick.avenger.videocommentapi_AV_9879_testcases.DeleteSupplementalFile -->
