<?xml version="1.0" encoding="UTF-8"?>
<!-- Generated by org.testng.reporters.JUnitReportReporter -->
<testsuite hostname="IN-GudafwRS" failures="0" tests="1" name="com.vbrick.avenger.videocommentapi_AV_9879_testcases.EventListApi_Av_11123" time="32.522" errors="0" timestamp="01 Mar 2023 06:00:15 GMT" skipped="0">
  <testcase classname="com.vbrick.avenger.videocommentapi_AV_9879_testcases.EventListApi_Av_11123" name="TC_02_GET_EventList_api_check_With_MediaAdmin_Positive" time="32.522"/>
</testsuite> <!-- com.vbrick.avenger.videocommentapi_AV_9879_testcases.EventListApi_Av_11123 -->
