<?xml version="1.0" encoding="UTF-8"?>
<!-- Generated by org.testng.reporters.JUnitReportReporter -->
<testsuite hostname="IN-GudafwRS" failures="0" tests="1" name="com.vbrick.avenger.mobileappsupport.SearchSuggestionsAPI_AV_27524" time="111.924" errors="0" timestamp="15 Feb 2023 08:40:02 GMT" skipped="0">
  <testcase classname="com.vbrick.avenger.mobileappsupport.SearchSuggestionsAPI_AV_27524" name="TC_01_POST_SearchSuggestions_api" time="111.924"/>
</testsuite> <!-- com.vbrick.avenger.mobileappsupport.SearchSuggestionsAPI_AV_27524 -->
