<?xml version="1.0" encoding="UTF-8"?>
<!-- Generated by org.testng.reporters.JUnitReportReporter -->
<testsuite hostname="VA-WIN7QA-01" name="com.vbrick.avenger.videocommentapi_AV_9879_testcases.EditGroupAPI_AV_16356" tests="13" failures="0" timestamp="19 Sep 2022 14:55:23 GMT" time="997.274" errors="0">
  <testcase name="TC_12_PUT_EditGroup_Api_check_With_AccountAdmin_withoutmandatoryfield_Negative" time="65.339" classname="com.vbrick.avenger.videocommentapi_AV_9879_testcases.EditGroupAPI_AV_16356"/>
  <testcase name="TC_01_PUT_EditGroup_Api_check_With_AccountAdmin_Update_GroupName_Negative" time="64.825" classname="com.vbrick.avenger.videocommentapi_AV_9879_testcases.EditGroupAPI_AV_16356"/>
  <testcase name="TC_03_PUT_EditGroup_Api_check_With_AccountAdmin_Update_Roleid_Positive" time="94.137" classname="com.vbrick.avenger.videocommentapi_AV_9879_testcases.EditGroupAPI_AV_16356"/>
  <testcase name="TC_10_PUT_EditGroup_Api_check_With_AccountAdmin_byprovidinginvalidgroupid_Negative" time="65.661" classname="com.vbrick.avenger.videocommentapi_AV_9879_testcases.EditGroupAPI_AV_16356"/>
  <testcase name="TC_05_PUT_EditGroup_Api_check_With_EventAdmin_assignedtoagroup_havingAAaccess_Positive" time="94.197" classname="com.vbrick.avenger.videocommentapi_AV_9879_testcases.EditGroupAPI_AV_16356"/>
  <testcase name="TC_08_PUT_EditGroup_Api_check_With_MediaViewer_Update_GroupName_Negative" time="66.449" classname="com.vbrick.avenger.videocommentapi_AV_9879_testcases.EditGroupAPI_AV_16356"/>
  <testcase name="TC_06_PUT_EditGroup_Api_check_With_EventHost_Update_GroupName_Negative" time="64.762" classname="com.vbrick.avenger.videocommentapi_AV_9879_testcases.EditGroupAPI_AV_16356"/>
  <testcase name="TC_09_PUT_EditGroup_Api_check_With_AccountAdmin_byprovidingmultiple_useridsandroleids_Positive" time="91.674" classname="com.vbrick.avenger.videocommentapi_AV_9879_testcases.EditGroupAPI_AV_16356"/>
  <testcase name="TC_04_PUT_EditGroup_Api_check_With_MediaAdmin_Update_GroupName_Negative" time="64.798" classname="com.vbrick.avenger.videocommentapi_AV_9879_testcases.EditGroupAPI_AV_16356"/>
  <testcase name="TC_07_PUT_EditGroup_Api_check_With_MediaContributor_Update_GroupName_Negative" time="66.392" classname="com.vbrick.avenger.videocommentapi_AV_9879_testcases.EditGroupAPI_AV_16356"/>
  <testcase name="TC_13_PUT_EditGroup_Api_check_With_AccountAdmin_withNameUpdate_Positive" time="91.092" classname="com.vbrick.avenger.videocommentapi_AV_9879_testcases.EditGroupAPI_AV_16356"/>
  <testcase name="TC_11_PUT_EditGroup_Api_check_With_AccountAdmin_byprovidinginvaliduserid_Negative" time="67.220" classname="com.vbrick.avenger.videocommentapi_AV_9879_testcases.EditGroupAPI_AV_16356"/>
  <testcase name="TC_02_PUT_EditGroup_Api_check_With_AccountAdmin_Update_userid_Positive" time="100.728" classname="com.vbrick.avenger.videocommentapi_AV_9879_testcases.EditGroupAPI_AV_16356"/>
</testsuite> <!-- com.vbrick.avenger.videocommentapi_AV_9879_testcases.EditGroupAPI_AV_16356 -->
