<?xml version="1.0" encoding="UTF-8"?>
<!-- Generated by org.testng.reporters.JUnitReportReporter -->
<testsuite hostname="IN-GudafwRS" failures="0" tests="1" name="com.vbrick.avenger.uploadvideoapi_AV_6015_testcases.UploadVideos_AV_6015" time="105.591" errors="0" timestamp="23 Mar 2023 08:37:17 GMT" skipped="0">
  <testcase classname="com.vbrick.avenger.uploadvideoapi_AV_6015_testcases.UploadVideos_AV_6015" name="TC_05_Post_UploadVideo_api_check_Migrate_LegacyView_AsValid_Count_Positive_AV29567" time="105.591"/>
</testsuite> <!-- com.vbrick.avenger.uploadvideoapi_AV_6015_testcases.UploadVideos_AV_6015 -->
