<?xml version="1.0" encoding="UTF-8"?>
<!-- Generated by org.testng.reporters.JUnitReportReporter -->
<testsuite hostname="IN-GudafwRS" failures="0" tests="1" name="com.vbrick.avenger.mobileappsupport.AssignableCategoriesAPI_AV_28666" time="92.810" errors="0" timestamp="22 Feb 2023 09:21:34 GMT" skipped="0">
  <testcase classname="com.vbrick.avenger.mobileappsupport.AssignableCategoriesAPI_AV_28666" name="TC_04_GET_AssignableCategories_api_check_With_MediaViewer_Positive" time="92.810"/>
</testsuite> <!-- com.vbrick.avenger.mobileappsupport.AssignableCategoriesAPI_AV_28666 -->
