<?xml version="1.0" encoding="UTF-8"?>
<!-- Generated by org.testng.reporters.JUnitReportReporter -->
<testsuite hostname="VA-WIN7QA-01" name="com.vbrick.avenger.videocommentapi_AV_9879_testcases.RejectVideoAPI" tests="4" failures="0" timestamp="19 Sep 2022 14:55:23 GMT" time="755.583" errors="0">
  <testcase name="TC_04_PUT_RejectVideopendingforapproval_api_check_With_EventAdmin_Positive" time="148.802" classname="com.vbrick.avenger.videocommentapi_AV_9879_testcases.RejectVideoAPI"/>
  <testcase name="TC_01_PUT_RejectVideopendingforapproval_api_check_With_MediaContributor_Positive" time="169.311" classname="com.vbrick.avenger.videocommentapi_AV_9879_testcases.RejectVideoAPI"/>
  <testcase name="TC_03_PUT_RejectVideopendingforapproval_api_check_With_MediaAdmin_Positive" time="235.731" classname="com.vbrick.avenger.videocommentapi_AV_9879_testcases.RejectVideoAPI"/>
  <testcase name="TC_02_PUT_RejectVideopendingforapproval_api_check_With_RejectVideopendingforapproval_Positive" time="201.739" classname="com.vbrick.avenger.videocommentapi_AV_9879_testcases.RejectVideoAPI"/>
</testsuite> <!-- com.vbrick.avenger.videocommentapi_AV_9879_testcases.RejectVideoAPI -->
