<?xml version="1.0" encoding="UTF-8"?>
<!-- Generated by org.testng.reporters.JUnitReportReporter -->
<testsuite hostname="VA-WIN7QA-01" name="com.vbrick.avenger.videocommentapi_AV_9879_testcases.DeleteTeamAPI_AV" tests="5" failures="0" timestamp="19 Sep 2022 14:55:23 GMT" time="527.710" errors="0">
  <testcase name="TC_05_DELETE_DeletTeam_api_check_With_MediaViewer_Negative" time="65.813" classname="com.vbrick.avenger.videocommentapi_AV_9879_testcases.DeleteTeamAPI_AV"/>
  <testcase name="TC_04_DELETE_DeletTeam_api_check_With_EventAdmin_Negative" time="68.600" classname="com.vbrick.avenger.videocommentapi_AV_9879_testcases.DeleteTeamAPI_AV"/>
  <testcase name="TC_01_DELETE_DeletTeam_api_check_With_AccountAdmin_Positive" time="166.142" classname="com.vbrick.avenger.videocommentapi_AV_9879_testcases.DeleteTeamAPI_AV"/>
  <testcase name="TC_03_DELETE_DeletTeam_api_check_With_MediaContributor_Negative" time="63.787" classname="com.vbrick.avenger.videocommentapi_AV_9879_testcases.DeleteTeamAPI_AV"/>
  <testcase name="TC_02_DELETE_DeletTeam_api_check_With_MediaAdminPositive" time="163.368" classname="com.vbrick.avenger.videocommentapi_AV_9879_testcases.DeleteTeamAPI_AV"/>
</testsuite> <!-- com.vbrick.avenger.videocommentapi_AV_9879_testcases.DeleteTeamAPI_AV -->
