<?xml version="1.0" encoding="UTF-8"?>
<!-- Generated by org.testng.reporters.JUnitReportReporter -->
<testsuite hostname="IN-GudafwRS" failures="0" tests="1" name="com.vbrick.avenger.mobileappsupport.CheckForUploadRightsInUserAPI_AV_28488" time="64.258" errors="0" timestamp="05 Jan 2023 11:35:52 GMT" skipped="0">
  <testcase classname="com.vbrick.avenger.mobileappsupport.CheckForUploadRightsInUserAPI_AV_28488" name="TC_05_GET_UploadRights_of_a_MediaViewer_with_AccoutAdmin_Positive" time="64.258"/>
</testsuite> <!-- com.vbrick.avenger.mobileappsupport.CheckForUploadRightsInUserAPI_AV_28488 -->
