<?xml version="1.0" encoding="UTF-8"?>
<!-- Generated by org.testng.reporters.JUnitReportReporter -->
<testsuite hostname="VA-WIN7QA-01" name="com.vbrick.avenger.mobileappsupport.AddPermissions_GetVideoDetails_GetChannels_GetCategories_AV_28487" tests="4" failures="0" timestamp="19 Sep 2022 14:55:23 GMT" time="275.956" errors="0">
  <testcase name="TC_01_GET_canEditValue_Using_GetVideoDetailsAPI_api_check_with_AccountAdmin_Positive" time="68.039" classname="com.vbrick.avenger.mobileappsupport.AddPermissions_GetVideoDetails_GetChannels_GetCategories_AV_28487"/>
  <testcase name="TC_02_GET_canEditValue_Using_GetVideoDetailsAPI_api_check_with_MediaViewer_Negative" time="68.701" classname="com.vbrick.avenger.mobileappsupport.AddPermissions_GetVideoDetails_GetChannels_GetCategories_AV_28487"/>
  <testcase name="TC_04_GET_canEditValue_Using_GetVideoDetailsAPI_api_check_with_MediaViewer_Negative" time="69.198" classname="com.vbrick.avenger.mobileappsupport.AddPermissions_GetVideoDetails_GetChannels_GetCategories_AV_28487"/>
  <testcase name="TC_03_GET_canEditValue_Using_GetVideoDetailsAPI_api_check_with_MediaViewer_Positive" time="70.018" classname="com.vbrick.avenger.mobileappsupport.AddPermissions_GetVideoDetails_GetChannels_GetCategories_AV_28487"/>
</testsuite> <!-- com.vbrick.avenger.mobileappsupport.AddPermissions_GetVideoDetails_GetChannels_GetCategories_AV_28487 -->
