<?xml version="1.0" encoding="UTF-8"?>
<!-- Generated by org.testng.reporters.JUnitReportReporter -->
<testsuite hostname="IN-GudafwRS" failures="0" tests="1" name="com.vbrick.avenger.videocommentapi_AV_9879_testcases.GetTeamsApi_AV_" time="33.456" errors="0" timestamp="20 Jan 2023 12:36:19 GMT" skipped="0">
  <testcase classname="com.vbrick.avenger.videocommentapi_AV_9879_testcases.GetTeamsApi_AV_" name="TC_06_GET_TeamList_api_check_With_AccountAdmin_withonlyonemember_asteammember_Positive" time="33.456"/>
</testsuite> <!-- com.vbrick.avenger.videocommentapi_AV_9879_testcases.GetTeamsApi_AV_ -->
