<?xml version="1.0" encoding="UTF-8"?>
<!-- Generated by org.testng.reporters.JUnitReportReporter -->
<testsuite hostname="VA-WIN7QA-01" name="com.vbrick.avenger.deleteallgroupsandchannels.DeleteAllPresentationProfiles" tests="1" failures="0" timestamp="20 Jul 2022 08:53:37 GMT" time="3589.148" errors="0">
  <testcase name="TC_02_Deleting_All_Devices_From_UI" time="3589.148" classname="com.vbrick.avenger.deleteallgroupsandchannels.DeleteAllPresentationProfiles"/>
</testsuite> <!-- com.vbrick.avenger.deleteallgroupsandchannels.DeleteAllPresentationProfiles -->
