<?xml version="1.0" encoding="UTF-8"?>
<!-- Generated by org.testng.reporters.JUnitReportReporter -->
<testsuite hostname="IN-GudafwRS" failures="0" tests="1" name="com.vbrick.avenger_datadeletion.AvengerUsersDeletion" time="98.449" errors="0" timestamp="13 Feb 2023 07:54:59 GMT" skipped="0">
  <testcase classname="com.vbrick.avenger_datadeletion.AvengerUsersDeletion" name="deleteUsers_TC1" time="98.449"/>
</testsuite> <!-- com.vbrick.avenger_datadeletion.AvengerUsersDeletion -->
