<?xml version="1.0" encoding="UTF-8"?>
<!-- Generated by org.testng.reporters.JUnitReportReporter -->
<testsuite hostname="IN-GudafwRS" failures="0" tests="1" name="com.vbrick.avenger.delete_unwanted_data_UI.DeleteAllPresentationProfiles" time="283.583" errors="0" timestamp="06 Jan 2023 13:12:42 GMT" skipped="0">
  <testcase classname="com.vbrick.avenger.delete_unwanted_data_UI.DeleteAllPresentationProfiles" name="TC_01_Deleting_All_PresentationProfiles_From_UI" time="283.583"/>
</testsuite> <!-- com.vbrick.avenger.delete_unwanted_data_UI.DeleteAllPresentationProfiles -->
