<?xml version="1.0" encoding="UTF-8"?>
<!-- Generated by org.testng.reporters.JUnitReportReporter -->
<testsuite hostname="IN-GudafwRS" failures="0" tests="1" name="com.vbrick.avenger.videocommentapi_AV_9879_testcases.GetVideoTranscriptionFiles" time="70.289" errors="0" timestamp="28 Feb 2023 07:51:54 GMT" skipped="0">
  <testcase classname="com.vbrick.avenger.videocommentapi_AV_9879_testcases.GetVideoTranscriptionFiles" name="TC_01_GET_TranscriptionFile_OfaVideo_AccountAdmin" time="70.289"/>
</testsuite> <!-- com.vbrick.avenger.videocommentapi_AV_9879_testcases.GetVideoTranscriptionFiles -->
