<?xml version="1.0" encoding="UTF-8"?>
<!-- Generated by org.testng.reporters.JUnitReportReporter -->
<testsuite hostname="IN-GudafwRS" failures="0" tests="61" name="com.vbrick.apiusercreation.MediaAdmin_UserCreation_API_1_40" time="983.885" errors="1" timestamp="13 Feb 2023 11:10:24 GMT" skipped="41">
  <testcase classname="com.vbrick.apiusercreation.MediaAdmin_UserCreation_API_1_40" name="AT_verify_userCreation_1to40" time="2.135">
    <skipped/>
  </testcase> <!-- AT_verify_userCreation_1to40 -->
  <testcase classname="com.vbrick.apiusercreation.MediaAdmin_UserCreation_API_1_40" name="AT_verify_userCreation_1to40" time="45.014"/>
  <testcase classname="com.vbrick.apiusercreation.MediaAdmin_UserCreation_API_1_40" name="AT_verify_userCreation_1to40" time="41.591"/>
  <testcase classname="com.vbrick.apiusercreation.MediaAdmin_UserCreation_API_1_40" name="AT_verify_userCreation_1to40" time="43.421"/>
  <testcase classname="com.vbrick.apiusercreation.MediaAdmin_UserCreation_API_1_40" name="AT_verify_userCreation_1to40" time="45.842"/>
  <testcase classname="com.vbrick.apiusercreation.MediaAdmin_UserCreation_API_1_40" name="AT_verify_userCreation_1to40" time="2.141">
    <skipped/>
  </testcase> <!-- AT_verify_userCreation_1to40 -->
  <testcase classname="com.vbrick.apiusercreation.MediaAdmin_UserCreation_API_1_40" name="AT_verify_userCreation_1to40" time="2.193">
    <skipped/>
  </testcase> <!-- AT_verify_userCreation_1to40 -->
  <testcase classname="com.vbrick.apiusercreation.MediaAdmin_UserCreation_API_1_40" name="AT_verify_userCreation_1to40" time="2.165">
    <skipped/>
  </testcase> <!-- AT_verify_userCreation_1to40 -->
  <testcase classname="com.vbrick.apiusercreation.MediaAdmin_UserCreation_API_1_40" name="AT_verify_userCreation_1to40" time="1.749">
    <skipped/>
  </testcase> <!-- AT_verify_userCreation_1to40 -->
  <testcase classname="com.vbrick.apiusercreation.MediaAdmin_UserCreation_API_1_40" name="AT_verify_userCreation_1to40" time="1.969">
    <skipped/>
  </testcase> <!-- AT_verify_userCreation_1to40 -->
  <testcase classname="com.vbrick.apiusercreation.MediaAdmin_UserCreation_API_1_40" name="AT_verify_userCreation_1to40" time="2.329">
    <skipped/>
  </testcase> <!-- AT_verify_userCreation_1to40 -->
  <testcase classname="com.vbrick.apiusercreation.MediaAdmin_UserCreation_API_1_40" name="AT_verify_userCreation_1to40" time="40.680"/>
  <testcase classname="com.vbrick.apiusercreation.MediaAdmin_UserCreation_API_1_40" name="AT_verify_userCreation_1to40" time="43.657"/>
  <testcase classname="com.vbrick.apiusercreation.MediaAdmin_UserCreation_API_1_40" name="AT_verify_userCreation_1to40" time="45.392"/>
  <testcase classname="com.vbrick.apiusercreation.MediaAdmin_UserCreation_API_1_40" name="AT_verify_userCreation_1to40" time="84.823"/>
  <testcase classname="com.vbrick.apiusercreation.MediaAdmin_UserCreation_API_1_40" name="AT_verify_userCreation_1to40" time="3.015">
    <skipped/>
  </testcase> <!-- AT_verify_userCreation_1to40 -->
  <testcase classname="com.vbrick.apiusercreation.MediaAdmin_UserCreation_API_1_40" name="AT_verify_userCreation_1to40" time="45.396"/>
  <testcase classname="com.vbrick.apiusercreation.MediaAdmin_UserCreation_API_1_40" name="AT_verify_userCreation_1to40" time="2.116">
    <skipped/>
  </testcase> <!-- AT_verify_userCreation_1to40 -->
  <testcase classname="com.vbrick.apiusercreation.MediaAdmin_UserCreation_API_1_40" name="AT_verify_userCreation_1to40" time="42.061"/>
  <testcase classname="com.vbrick.apiusercreation.MediaAdmin_UserCreation_API_1_40" name="AT_verify_userCreation_1to40" time="2.102">
    <skipped/>
  </testcase> <!-- AT_verify_userCreation_1to40 -->
  <testcase classname="com.vbrick.apiusercreation.MediaAdmin_UserCreation_API_1_40" name="setUP" time="22.696">
    <error message="Timed out waiting for driver server to start.
Build info: version: &#039;3.6.0&#039;, revision: &#039;6fbf3ec767&#039;, time: &#039;2017-09-27T15:28:36.4Z&#039;
System info: host: &#039;IN-GUDAFWRS&#039;, ip: &#039;192.168.29.139&#039;, os.name: &#039;Windows 10&#039;, os.arch: &#039;amd64&#039;, os.version: &#039;10.0&#039;, java.version: &#039;18.0.2.1&#039;
Driver info: driver.version: ChromeDriver" type="org.openqa.selenium.WebDriverException">
      <![CDATA[org.openqa.selenium.WebDriverException: Timed out waiting for driver server to start.
Build info: version: '3.6.0', revision: '6fbf3ec767', time: '2017-09-27T15:28:36.4Z'
System info: host: 'IN-GUDAFWRS', ip: '192.168.29.139', os.name: 'Windows 10', os.arch: 'amd64', os.version: '10.0', java.version: '18.0.2.1'
Driver info: driver.version: ChromeDriver
	at org.openqa.selenium.remote.service.DriverService.waitUntilAvailable(DriverService.java:192)
	at org.openqa.selenium.remote.service.DriverService.start(DriverService.java:178)
	at org.openqa.selenium.remote.service.DriverCommandExecutor.execute(DriverCommandExecutor.java:79)
	at org.openqa.selenium.remote.RemoteWebDriver.execute(RemoteWebDriver.java:586)
	at org.openqa.selenium.remote.RemoteWebDriver.startSession(RemoteWebDriver.java:217)
	at org.openqa.selenium.remote.RemoteWebDriver.<init>(RemoteWebDriver.java:140)
	at org.openqa.selenium.chrome.ChromeDriver.<init>(ChromeDriver.java:174)
	at org.openqa.selenium.chrome.ChromeDriver.<init>(ChromeDriver.java:163)
	at org.openqa.selenium.chrome.ChromeDriver.<init>(ChromeDriver.java:120)
	at com.vbrick.avenger.setup.TestBase.initializeDriver(TestBase.java:420)
	at com.vbrick.avenger.setup.TestBase.initializeDriver(TestBase.java:72)
	at com.vbrick.apiusercreation.MediaAdmin_UserCreation_API_1_40.setUP(MediaAdmin_UserCreation_API_1_40.java:110)
	at java.base/jdk.internal.reflect.DirectMethodHandleAccessor.invoke(DirectMethodHandleAccessor.java:104)
	at java.base/java.lang.reflect.Method.invoke(Method.java:577)
	at org.testng.internal.MethodInvocationHelper.invokeMethod(MethodInvocationHelper.java:108)
	at org.testng.internal.Invoker.invokeConfigurationMethod(Invoker.java:523)
	at org.testng.internal.Invoker.invokeConfigurations(Invoker.java:224)
	at org.testng.internal.Invoker.invokeMethod(Invoker.java:599)
	at org.testng.internal.Invoker.invokeTestMethod(Invoker.java:869)
	at org.testng.internal.Invoker.invokeTestMethods(Invoker.java:1193)
	at org.testng.internal.TestMethodWorker.invokeTestMethods(TestMethodWorker.java:126)
	at org.testng.internal.TestMethodWorker.run(TestMethodWorker.java:109)
	at java.base/java.util.concurrent.ThreadPoolExecutor.runWorker(ThreadPoolExecutor.java:1136)
	at java.base/java.util.concurrent.ThreadPoolExecutor$Worker.run(ThreadPoolExecutor.java:635)
	at java.base/java.lang.Thread.run(Thread.java:833)
Caused by: org.openqa.selenium.net.UrlChecker$TimeoutException: Timed out waiting for [http://localhost:33047/status] to be available after 20000 ms
	at org.openqa.selenium.net.UrlChecker.waitUntilAvailable(UrlChecker.java:100)
	at org.openqa.selenium.remote.service.DriverService.waitUntilAvailable(DriverService.java:187)
	... 24 more
Caused by: java.util.concurrent.TimeoutException
	at java.base/java.util.concurrent.FutureTask.get(FutureTask.java:204)
	at com.google.common.util.concurrent.SimpleTimeLimiter.callWithTimeout(SimpleTimeLimiter.java:180)
	at org.openqa.selenium.net.UrlChecker.waitUntilAvailable(UrlChecker.java:75)
	... 25 more
]]>
    </error>
  </testcase> <!-- setUP -->
  <testcase classname="com.vbrick.apiusercreation.MediaAdmin_UserCreation_API_1_40" name="AT_verify_userCreation_1to40" time="1.938">
    <skipped/>
  </testcase> <!-- AT_verify_userCreation_1to40 -->
  <testcase classname="com.vbrick.apiusercreation.MediaAdmin_UserCreation_API_1_40" name="AT_verify_userCreation_1to40" time="2.252">
    <skipped/>
  </testcase> <!-- AT_verify_userCreation_1to40 -->
  <testcase classname="com.vbrick.apiusercreation.MediaAdmin_UserCreation_API_1_40" name="AT_verify_userCreation_1to40" time="2.805">
    <skipped/>
  </testcase> <!-- AT_verify_userCreation_1to40 -->
  <testcase classname="com.vbrick.apiusercreation.MediaAdmin_UserCreation_API_1_40" name="AT_verify_userCreation_1to40" time="42.835"/>
  <testcase classname="com.vbrick.apiusercreation.MediaAdmin_UserCreation_API_1_40" name="AT_verify_userCreation_1to40" time="40.948"/>
  <testcase classname="com.vbrick.apiusercreation.MediaAdmin_UserCreation_API_1_40" name="AT_verify_userCreation_1to40" time="1.118">
    <skipped/>
  </testcase> <!-- AT_verify_userCreation_1to40 -->
  <testcase classname="com.vbrick.apiusercreation.MediaAdmin_UserCreation_API_1_40" name="AT_verify_userCreation_1to40" time="2.600">
    <skipped/>
  </testcase> <!-- AT_verify_userCreation_1to40 -->
  <testcase classname="com.vbrick.apiusercreation.MediaAdmin_UserCreation_API_1_40" name="AT_verify_userCreation_1to40" time="2.181">
    <skipped/>
  </testcase> <!-- AT_verify_userCreation_1to40 -->
  <testcase classname="com.vbrick.apiusercreation.MediaAdmin_UserCreation_API_1_40" name="AT_verify_userCreation_1to40" time="1.159">
    <skipped/>
  </testcase> <!-- AT_verify_userCreation_1to40 -->
  <testcase classname="com.vbrick.apiusercreation.MediaAdmin_UserCreation_API_1_40" name="AT_verify_userCreation_1to40" time="1.889">
    <skipped/>
  </testcase> <!-- AT_verify_userCreation_1to40 -->
  <testcase classname="com.vbrick.apiusercreation.MediaAdmin_UserCreation_API_1_40" name="AT_verify_userCreation_1to40" time="2.209">
    <skipped/>
  </testcase> <!-- AT_verify_userCreation_1to40 -->
  <testcase classname="com.vbrick.apiusercreation.MediaAdmin_UserCreation_API_1_40" name="AT_verify_userCreation_1to40" time="1.585">
    <skipped/>
  </testcase> <!-- AT_verify_userCreation_1to40 -->
  <testcase classname="com.vbrick.apiusercreation.MediaAdmin_UserCreation_API_1_40" name="AT_verify_userCreation_1to40" time="1.616">
    <skipped/>
  </testcase> <!-- AT_verify_userCreation_1to40 -->
  <testcase classname="com.vbrick.apiusercreation.MediaAdmin_UserCreation_API_1_40" name="AT_verify_userCreation_1to40" time="2.267">
    <skipped/>
  </testcase> <!-- AT_verify_userCreation_1to40 -->
  <testcase classname="com.vbrick.apiusercreation.MediaAdmin_UserCreation_API_1_40" name="AT_verify_userCreation_1to40" time="39.856"/>
  <testcase classname="com.vbrick.apiusercreation.MediaAdmin_UserCreation_API_1_40" name="AT_verify_userCreation_1to40" time="3.363">
    <skipped/>
  </testcase> <!-- AT_verify_userCreation_1to40 -->
  <testcase classname="com.vbrick.apiusercreation.MediaAdmin_UserCreation_API_1_40" name="AT_verify_userCreation_1to40" time="1.411">
    <skipped/>
  </testcase> <!-- AT_verify_userCreation_1to40 -->
  <testcase classname="com.vbrick.apiusercreation.MediaAdmin_UserCreation_API_1_40" name="AT_verify_userCreation_1to40" time="1.142">
    <skipped/>
  </testcase> <!-- AT_verify_userCreation_1to40 -->
  <testcase classname="com.vbrick.apiusercreation.MediaAdmin_UserCreation_API_1_40" name="AT_verify_userCreation_1to40" time="1.893">
    <skipped/>
  </testcase> <!-- AT_verify_userCreation_1to40 -->
  <testcase classname="com.vbrick.apiusercreation.MediaAdmin_UserCreation_API_1_40" name="AT_verify_userCreation_1to40" time="1.573">
    <skipped/>
  </testcase> <!-- AT_verify_userCreation_1to40 -->
  <testcase classname="com.vbrick.apiusercreation.MediaAdmin_UserCreation_API_1_40" name="AT_verify_userCreation_1to40" time="2.405">
    <skipped/>
  </testcase> <!-- AT_verify_userCreation_1to40 -->
  <testcase classname="com.vbrick.apiusercreation.MediaAdmin_UserCreation_API_1_40" name="AT_verify_userCreation_1to40" time="1.848">
    <skipped/>
  </testcase> <!-- AT_verify_userCreation_1to40 -->
  <testcase classname="com.vbrick.apiusercreation.MediaAdmin_UserCreation_API_1_40" name="AT_verify_userCreation_1to40" time="42.905"/>
  <testcase classname="com.vbrick.apiusercreation.MediaAdmin_UserCreation_API_1_40" name="AT_verify_userCreation_1to40" time="41.444"/>
  <testcase classname="com.vbrick.apiusercreation.MediaAdmin_UserCreation_API_1_40" name="AT_verify_userCreation_1to40" time="2.647">
    <skipped/>
  </testcase> <!-- AT_verify_userCreation_1to40 -->
  <testcase classname="com.vbrick.apiusercreation.MediaAdmin_UserCreation_API_1_40" name="AT_verify_userCreation_1to40" time="3.041">
    <skipped/>
  </testcase> <!-- AT_verify_userCreation_1to40 -->
  <testcase classname="com.vbrick.apiusercreation.MediaAdmin_UserCreation_API_1_40" name="AT_verify_userCreation_1to40" time="1.480">
    <skipped/>
  </testcase> <!-- AT_verify_userCreation_1to40 -->
  <testcase classname="com.vbrick.apiusercreation.MediaAdmin_UserCreation_API_1_40" name="AT_verify_userCreation_1to40" time="2.569">
    <skipped/>
  </testcase> <!-- AT_verify_userCreation_1to40 -->
  <testcase classname="com.vbrick.apiusercreation.MediaAdmin_UserCreation_API_1_40" name="AT_verify_userCreation_1to40" time="56.964"/>
  <testcase classname="com.vbrick.apiusercreation.MediaAdmin_UserCreation_API_1_40" name="AT_verify_userCreation_1to40" time="1.470">
    <skipped/>
  </testcase> <!-- AT_verify_userCreation_1to40 -->
  <testcase classname="com.vbrick.apiusercreation.MediaAdmin_UserCreation_API_1_40" name="AT_verify_userCreation_1to40" time="43.149"/>
  <testcase classname="com.vbrick.apiusercreation.MediaAdmin_UserCreation_API_1_40" name="AT_verify_userCreation_1to40" time="49.086"/>
  <testcase classname="com.vbrick.apiusercreation.MediaAdmin_UserCreation_API_1_40" name="AT_verify_userCreation_1to40" time="1.346">
    <skipped/>
  </testcase> <!-- AT_verify_userCreation_1to40 -->
  <testcase classname="com.vbrick.apiusercreation.MediaAdmin_UserCreation_API_1_40" name="AT_verify_userCreation_1to40" time="2.719">
    <skipped/>
  </testcase> <!-- AT_verify_userCreation_1to40 -->
  <testcase classname="com.vbrick.apiusercreation.MediaAdmin_UserCreation_API_1_40" name="AT_verify_userCreation_1to40" time="2.505">
    <skipped/>
  </testcase> <!-- AT_verify_userCreation_1to40 -->
  <testcase classname="com.vbrick.apiusercreation.MediaAdmin_UserCreation_API_1_40" name="AT_verify_userCreation_1to40" time="1.682">
    <skipped/>
  </testcase> <!-- AT_verify_userCreation_1to40 -->
  <testcase classname="com.vbrick.apiusercreation.MediaAdmin_UserCreation_API_1_40" name="AT_verify_userCreation_1to40" time="1.874">
    <skipped/>
  </testcase> <!-- AT_verify_userCreation_1to40 -->
  <testcase classname="com.vbrick.apiusercreation.MediaAdmin_UserCreation_API_1_40" name="AT_verify_userCreation_1to40" time="2.198">
    <skipped/>
  </testcase> <!-- AT_verify_userCreation_1to40 -->
  <testcase classname="com.vbrick.apiusercreation.MediaAdmin_UserCreation_API_1_40" name="AT_verify_userCreation_1to40" time="41.546"/>
  <testcase classname="com.vbrick.apiusercreation.MediaAdmin_UserCreation_API_1_40" name="AT_verify_userCreation_1to40" time="1.880">
    <skipped/>
  </testcase> <!-- AT_verify_userCreation_1to40 -->
</testsuite> <!-- com.vbrick.apiusercreation.MediaAdmin_UserCreation_API_1_40 -->
