<?xml version="1.0" encoding="UTF-8"?>
<!-- Generated by org.testng.reporters.JUnitReportReporter -->
<testsuite hostname="IN-GudafwRS" failures="0" tests="1" name="com.vbrick.avenger.delete_unwanted_data_UI.DeleteAllGroups" time="11072.697" errors="0" timestamp="01 Feb 2023 17:31:30 GMT" skipped="0">
  <testcase classname="com.vbrick.avenger.delete_unwanted_data_UI.DeleteAllGroups" name="TC_01_Deleting_All_Groups_From_UI" time="11072.697"/>
</testsuite> <!-- com.vbrick.avenger.delete_unwanted_data_UI.DeleteAllGroups -->
