<?xml version="1.0" encoding="UTF-8"?>
<!-- Generated by org.testng.reporters.JUnitReportReporter -->
<testsuite hostname="IN-GudafwRS" failures="0" tests="1" name="com.vbrick.avenger_contentLinks.PostEmbeddedContent_AV28828" time="122.435" errors="0" timestamp="14 Feb 2023 07:13:02 GMT" skipped="0">
  <testcase classname="com.vbrick.avenger_contentLinks.PostEmbeddedContent_AV28828" name="TC14_Createanew_EmbeddedURL_PostEmbeddedContentWebcast_beforeStartingWebcast_andsendembeddedcontenturl_endEvent_andagiansendembeddedcontenturl_withallvaliddata_Positve_AV28828" time="122.435"/>
</testsuite> <!-- com.vbrick.avenger_contentLinks.PostEmbeddedContent_AV28828 -->
