<?xml version="1.0" encoding="UTF-8"?>
<!-- Generated by org.testng.reporters.JUnitReportReporter -->
<testsuite hostname="VA-WIN7QA-01" name="com.vbrick.avenger.videocommentapi_AV_9879_testcases.EndEvent" tests="1" failures="0" timestamp="20 Sep 2022 06:56:55 GMT" time="130.877" errors="0">
  <testcase name="TC_06_EndEventAPI_with_AccountAdmin_Positive" time="130.877" classname="com.vbrick.avenger.videocommentapi_AV_9879_testcases.EndEvent"/>
</testsuite> <!-- com.vbrick.avenger.videocommentapi_AV_9879_testcases.EndEvent -->
