<?xml version="1.0" encoding="UTF-8"?>
<!-- Generated by org.testng.reporters.JUnitReportReporter -->
<testsuite hostname="VA-WIN7QA-01" name="com.vbrick.avenger.videocommentapi_AV_9879_testcases.DeleteEventAPI_AV_14981" tests="7" failures="0" timestamp="19 Sep 2022 14:55:23 GMT" time="1601.338" errors="0">
  <testcase name="TC_01_DELETE_DeletEvent_api_check_With_AccountAdmin_Update_Title_Positive" time="307.973" classname="com.vbrick.avenger.videocommentapi_AV_9879_testcases.DeleteEventAPI_AV_14981"/>
  <testcase name="TC_03_DELETE_DeleteEvent_api_check_With_EventAdmin_Update_Title_Positive" time="252.145" classname="com.vbrick.avenger.videocommentapi_AV_9879_testcases.DeleteEventAPI_AV_14981"/>
  <testcase name="TC_05_DELETE_DeleteEvent_api_check_With_MediaViewer_Update_Title_Positive" time="218.116" classname="com.vbrick.avenger.videocommentapi_AV_9879_testcases.DeleteEventAPI_AV_14981"/>
  <testcase name="TC_02_DELETE_DeleteEvent_api_check_With_MediaAdmin_Update_Title_Positive" time="238.984" classname="com.vbrick.avenger.videocommentapi_AV_9879_testcases.DeleteEventAPI_AV_14981"/>
  <testcase name="TC_06_DELETE_DeleteEvent_api_check_With_EventHost_Update_Title_Positive" time="223.264" classname="com.vbrick.avenger.videocommentapi_AV_9879_testcases.DeleteEventAPI_AV_14981"/>
  <testcase name="TC_04_DELETE_DeleteEvent_api_check_With_MediaContributor_Update_Title_Positive" time="128.914" classname="com.vbrick.avenger.videocommentapi_AV_9879_testcases.DeleteEventAPI_AV_14981"/>
  <testcase name="TC_07_DELETE_DeleteEvent_api_check_With_EventHostuseraseventadmin_Update_Title_Positive" time="231.942" classname="com.vbrick.avenger.videocommentapi_AV_9879_testcases.DeleteEventAPI_AV_14981"/>
</testsuite> <!-- com.vbrick.avenger.videocommentapi_AV_9879_testcases.DeleteEventAPI_AV_14981 -->
