<?xml version="1.0" encoding="UTF-8"?>
<!-- Generated by org.testng.reporters.JUnitReportReporter -->
<testsuite hostname="IN-GudafwRS" failures="0" tests="1" name="com.vbrick.avenger_accountcountcheck.GetVideoListCountCheck" time="140.232" errors="0" timestamp="28 Feb 2023 06:03:19 GMT" skipped="0">
  <testcase classname="com.vbrick.avenger_accountcountcheck.GetVideoListCountCheck" name="TC_01_GET_VideoList_Api_Account_Count_Check" time="140.232"/>
</testsuite> <!-- com.vbrick.avenger_accountcountcheck.GetVideoListCountCheck -->
