<?xml version="1.0" encoding="UTF-8"?>
<!-- Generated by org.testng.reporters.JUnitReportReporter -->
<testsuite hostname="VA-WIN7QA-01" name="com.vbrick.avenger.videocommentapi_AV_9879_testcases.GetApprovaltemplatesAPI" tests="5" failures="0" timestamp="19 Sep 2022 14:55:23 GMT" time="562.399" errors="0">
  <testcase name="TC_04_GET_ApprovalTemplateList_api_check_With_EventAdmin_Positive" time="65.152" classname="com.vbrick.avenger.videocommentapi_AV_9879_testcases.GetApprovaltemplatesAPI"/>
  <testcase name="TC_05_GET_ApprovalTemplateList_api_check_With_MediaContributor_Positive" time="64.398" classname="com.vbrick.avenger.videocommentapi_AV_9879_testcases.GetApprovaltemplatesAPI"/>
  <testcase name="TC_01_GET_ApprovalTemplateList_api_check_With_AccountAdmin_Positive" time="188.243" classname="com.vbrick.avenger.videocommentapi_AV_9879_testcases.GetApprovaltemplatesAPI"/>
  <testcase name="TC_02_GET_ApprovalTemplateList_api_check_With_MediaAdmin_Positive" time="180.236" classname="com.vbrick.avenger.videocommentapi_AV_9879_testcases.GetApprovaltemplatesAPI"/>
  <testcase name="TC_03_GET_ApprovalTemplateList_api_check_With_MediaViewer_Positive" time="64.370" classname="com.vbrick.avenger.videocommentapi_AV_9879_testcases.GetApprovaltemplatesAPI"/>
</testsuite> <!-- com.vbrick.avenger.videocommentapi_AV_9879_testcases.GetApprovaltemplatesAPI -->
