<?xml version="1.0" encoding="UTF-8"?>
<!-- Generated by org.testng.reporters.JUnitReportReporter -->
<testsuite hostname="IN-GudafwRS" failures="0" tests="1" name="com.vbrick.avenger.videocommentapi_AV_9879_testcases.GetNotificationsAPI_AV_28389" time="169.566" errors="0" timestamp="25 Jan 2023 07:40:22 GMT" skipped="0">
  <testcase classname="com.vbrick.avenger.videocommentapi_AV_9879_testcases.GetNotificationsAPI_AV_28389" name="TC_07_GET_All_Notifications_AccountAdmin" time="169.566"/>
</testsuite> <!-- com.vbrick.avenger.videocommentapi_AV_9879_testcases.GetNotificationsAPI_AV_28389 -->
