<?xml version="1.0" encoding="UTF-8"?>
<!-- Generated by org.testng.reporters.JUnitReportReporter -->
<testsuite hostname="VA-WIN7QA-01" name="com.vbrick.avenger.videocommentapi_AV_9879_testcases.DeleteGroupAPI_AV16357" tests="5" failures="0" timestamp="19 Sep 2022 14:55:23 GMT" time="424.088" errors="0">
  <testcase name="TC_04_DELETE_DeleteGroup_api_check_With_EventAdmin_Negative" time="65.190" classname="com.vbrick.avenger.videocommentapi_AV_9879_testcases.DeleteGroupAPI_AV16357"/>
  <testcase name="TC_05_DELETE_DeleteGroup_api_check_With_MediaViewer_Negative" time="64.594" classname="com.vbrick.avenger.videocommentapi_AV_9879_testcases.DeleteGroupAPI_AV16357"/>
  <testcase name="TC_02_DELETE_DeleteGroup_api_check_With_MediaAdmin_Negative" time="68.979" classname="com.vbrick.avenger.videocommentapi_AV_9879_testcases.DeleteGroupAPI_AV16357"/>
  <testcase name="TC_03_DELETE_DeleteGroup_api_check_With_MediaContributor_Negative" time="66.693" classname="com.vbrick.avenger.videocommentapi_AV_9879_testcases.DeleteGroupAPI_AV16357"/>
  <testcase name="TC_01_DELETE_DeleteGroup_api_check_With_AccountAdmin_Positive" time="158.632" classname="com.vbrick.avenger.videocommentapi_AV_9879_testcases.DeleteGroupAPI_AV16357"/>
</testsuite> <!-- com.vbrick.avenger.videocommentapi_AV_9879_testcases.DeleteGroupAPI_AV16357 -->
