<?xml version="1.0" encoding="UTF-8"?>
<!-- Generated by org.testng.reporters.JUnitReportReporter -->
<testsuite hostname="IN-GudafwRS" failures="0" tests="10" name="com.vbrick.apiusercreation.MediaContributor_UserCreation_API_1_40" time="756.833" errors="0" timestamp="13 Feb 2023 11:10:24 GMT" skipped="1">
  <testcase classname="com.vbrick.apiusercreation.MediaContributor_UserCreation_API_1_40" name="AT_verify_userCreation_1to40" time="47.117"/>
  <testcase classname="com.vbrick.apiusercreation.MediaContributor_UserCreation_API_1_40" name="AT_verify_userCreation_1to40" time="62.391"/>
  <testcase classname="com.vbrick.apiusercreation.MediaContributor_UserCreation_API_1_40" name="AT_verify_userCreation_1to40" time="316.420">
    <skipped/>
  </testcase> <!-- AT_verify_userCreation_1to40 -->
  <testcase classname="com.vbrick.apiusercreation.MediaContributor_UserCreation_API_1_40" name="AT_verify_userCreation_1to40" time="43.160"/>
  <testcase classname="com.vbrick.apiusercreation.MediaContributor_UserCreation_API_1_40" name="AT_verify_userCreation_1to40" time="44.821"/>
  <testcase classname="com.vbrick.apiusercreation.MediaContributor_UserCreation_API_1_40" name="AT_verify_userCreation_1to40" time="43.890"/>
  <testcase classname="com.vbrick.apiusercreation.MediaContributor_UserCreation_API_1_40" name="AT_verify_userCreation_1to40" time="51.743"/>
  <testcase classname="com.vbrick.apiusercreation.MediaContributor_UserCreation_API_1_40" name="AT_verify_userCreation_1to40" time="59.274"/>
  <testcase classname="com.vbrick.apiusercreation.MediaContributor_UserCreation_API_1_40" name="AT_verify_userCreation_1to40" time="42.263"/>
  <testcase classname="com.vbrick.apiusercreation.MediaContributor_UserCreation_API_1_40" name="AT_verify_userCreation_1to40" time="45.754"/>
</testsuite> <!-- com.vbrick.apiusercreation.MediaContributor_UserCreation_API_1_40 -->
