<?xml version="1.0" encoding="UTF-8"?>
<!-- Generated by org.testng.reporters.JUnitReportReporter -->
<testsuite hostname="IN-GudafwRS" failures="0" tests="1" name="com.vbrick.avenger_contentLinks.PUTEmbeddedContent_AV28828" time="124.483" errors="0" timestamp="01 Feb 2023 09:08:19 GMT" skipped="0">
  <testcase classname="com.vbrick.avenger_contentLinks.PUTEmbeddedContent_AV28828" name="TC011_ActivateDeactivate_EmbedURL_PUTEmbeddedContentWebcast_IsEnabledAsTrue_Positive_AV28828" time="124.483"/>
</testsuite> <!-- com.vbrick.avenger_contentLinks.PUTEmbeddedContent_AV28828 -->
