<?xml version="1.0" encoding="UTF-8"?>
<!-- Generated by org.testng.reporters.JUnitReportReporter -->
<testsuite hostname="IN-GudafwRS" failures="0" tests="1" name="com.vbrick.avenger.videocommentapi_AV_9879_testcases.ManualEnteredURLApi_AV_10719" time="134.420" errors="0" timestamp="05 Jan 2023 06:42:11 GMT" skipped="0">
  <testcase classname="com.vbrick.avenger.videocommentapi_AV_9879_testcases.ManualEnteredURLApi_AV_10719" name="TC_02_POST_ManualEnteredURL_api_check_with_MediaAdmin_Positive" time="134.420"/>
</testsuite> <!-- com.vbrick.avenger.videocommentapi_AV_9879_testcases.ManualEnteredURLApi_AV_10719 -->
