<?xml version="1.0" encoding="UTF-8"?>
<!-- Generated by org.testng.reporters.JUnitReportReporter -->
<testsuite hostname="VA-WIN7QA-01" name="com.vbrick.avenger.videocommentapi_AV_9879_testcases.DeleteCategory" tests="5" failures="0" timestamp="19 Sep 2022 14:55:23 GMT" time="607.369" errors="0">
  <testcase name="TC_03_DELETE_DeleteCategory_api_check_With_MediaContributor_Positive" time="70.548" classname="com.vbrick.avenger.videocommentapi_AV_9879_testcases.DeleteCategory"/>
  <testcase name="TC_02_DELETE_DeleteCategory_api_check_With_MediaAdmin_Positive" time="204.117" classname="com.vbrick.avenger.videocommentapi_AV_9879_testcases.DeleteCategory"/>
  <testcase name="TC_05_DELETE_DeletCategory_api_check_With_MediaViewer_Update_Title_Positive" time="69.016" classname="com.vbrick.avenger.videocommentapi_AV_9879_testcases.DeleteCategory"/>
  <testcase name="TC_04_DELETE_DeleteCategory_api_check_With_EventAdmin_Positive" time="69.485" classname="com.vbrick.avenger.videocommentapi_AV_9879_testcases.DeleteCategory"/>
  <testcase name="TC_01_DELETE_DeletCategory_api_check_With_AccountAdmin_Positive" time="194.203" classname="com.vbrick.avenger.videocommentapi_AV_9879_testcases.DeleteCategory"/>
</testsuite> <!-- com.vbrick.avenger.videocommentapi_AV_9879_testcases.DeleteCategory -->
