<?xml version="1.0" encoding="UTF-8"?>
<!-- Generated by org.testng.reporters.JUnitReportReporter -->
<testsuite hostname="VA-WIN7QA-01" name="com.vbrick.avenger.videocommentapi_AV_9879_testcases.CustomField_Av_11101" tests="12" failures="0" timestamp="19 Sep 2022 14:55:23 GMT" time="1702.671" errors="0">
  <testcase name="TC_02_GET_CustomField_api_check_With_AccountAdmin_customField_NMNPP_Positive" time="140.609" classname="com.vbrick.avenger.videocommentapi_AV_9879_testcases.CustomField_Av_11101"/>
  <testcase name="TC_10_GET_CustomField_api_check_With_EventHost_Negative" time="69.727" classname="com.vbrick.avenger.videocommentapi_AV_9879_testcases.CustomField_Av_11101"/>
  <testcase name="TC_12_Delete_alltheexisting_customfields_Positive" time="227.764" classname="com.vbrick.avenger.videocommentapi_AV_9879_testcases.CustomField_Av_11101"/>
  <testcase name="TC_08_GET_CustomField_api_check_With_MediaContributor_Negative" time="65.971" classname="com.vbrick.avenger.videocommentapi_AV_9879_testcases.CustomField_Av_11101"/>
  <testcase name="TC_05_GET_CustomField_api_check_With_AccountAdmin_customField_NMPP_Positive" time="246.778" classname="com.vbrick.avenger.videocommentapi_AV_9879_testcases.CustomField_Av_11101"/>
  <testcase name="TC_03_GET_CustomField_api_check_With_AccountAdmin_customField_MPT_Positive" time="147.781" classname="com.vbrick.avenger.videocommentapi_AV_9879_testcases.CustomField_Av_11101"/>
  <testcase name="TC_09_GET_CustomField_api_check_With_MediaViewer_Negative" time="66.715" classname="com.vbrick.avenger.videocommentapi_AV_9879_testcases.CustomField_Av_11101"/>
  <testcase name="TC_01_GET_CustomField_api_check_With_AccountAdmin_defaultCustomField_Positive" time="132.784" classname="com.vbrick.avenger.videocommentapi_AV_9879_testcases.CustomField_Av_11101"/>
  <testcase name="TC_04_GET_CustomField_api_check_With_AccountAdmin_customField_MPT_Positive" time="296.991" classname="com.vbrick.avenger.videocommentapi_AV_9879_testcases.CustomField_Av_11101"/>
  <testcase name="TC_07_GET_CustomField_api_check_With_EventAdmin_Negative" time="64.229" classname="com.vbrick.avenger.videocommentapi_AV_9879_testcases.CustomField_Av_11101"/>
  <testcase name="TC_06_GET_CustomField_api_check_With_MediaAdmin_Negative" time="64.343" classname="com.vbrick.avenger.videocommentapi_AV_9879_testcases.CustomField_Av_11101"/>
  <testcase name="TC_11_GET_CustomField_api_check_With_MediaViewer_afterAssigningtoaGroup_Positive" time="178.979" classname="com.vbrick.avenger.videocommentapi_AV_9879_testcases.CustomField_Av_11101"/>
</testsuite> <!-- com.vbrick.avenger.videocommentapi_AV_9879_testcases.CustomField_Av_11101 -->
