<?xml version="1.0" encoding="UTF-8"?>
<!-- Generated by org.testng.reporters.JUnitReportReporter -->
<testsuite hostname="IN-GudafwRS" failures="0" tests="1" name="com.vbrick.avenger.videocommentapi_AV_9879_testcases.DownloadVideo_AV_9881" time="116.889" errors="0" timestamp="28 Feb 2023 07:49:18 GMT" skipped="0">
  <testcase classname="com.vbrick.avenger.videocommentapi_AV_9879_testcases.DownloadVideo_AV_9881" name="TC_06_GET_DownloadVideo_api_check_with_EventAdmin_PublicVideo_Positive" time="116.889"/>
</testsuite> <!-- com.vbrick.avenger.videocommentapi_AV_9879_testcases.DownloadVideo_AV_9881 -->
