<?xml version="1.0" encoding="UTF-8"?>
<!-- Generated by org.testng.reporters.JUnitReportReporter -->
<testsuite hostname="IN-GudafwRS" failures="0" tests="1" name="com.vbrick.avenger.videocommentapi_AV_9879_testcases.OwnerFieldInSearchApi" time="139.582" errors="0" timestamp="05 Jan 2023 06:44:41 GMT" skipped="0">
  <testcase classname="com.vbrick.avenger.videocommentapi_AV_9879_testcases.OwnerFieldInSearchApi" name="TC_01_GET_SearchVideo_OwnerField_check_SearchVideo_with_AccoutAdmin_Positive" time="139.582"/>
</testsuite> <!-- com.vbrick.avenger.videocommentapi_AV_9879_testcases.OwnerFieldInSearchApi -->
