<?xml version="1.0" encoding="UTF-8"?>
<!-- Generated by org.testng.reporters.JUnitReportReporter -->
<testsuite hostname="IN-GudafwRS" failures="0" tests="1" name="com.vbrick.avenger.uploadvideoapi_AV_6015_testcases.UploadImageFile_AV_10720" time="230.114" errors="0" timestamp="06 Jan 2023 03:39:43 GMT" skipped="0">
  <testcase classname="com.vbrick.avenger.uploadvideoapi_AV_6015_testcases.UploadImageFile_AV_10720" name="TC_07_UploadImageFiles_AV10720_Uploading_ImageContent_MediaViewer_ByGivingPermission" time="230.114"/>
</testsuite> <!-- com.vbrick.avenger.uploadvideoapi_AV_6015_testcases.UploadImageFile_AV_10720 -->
