<?xml version="1.0" encoding="UTF-8"?>
<!-- Generated by org.testng.reporters.JUnitReportReporter -->
<testsuite hostname="IN-GudafwRS" failures="0" tests="1" name="com.vbrick.avenger.videocommentapi_AV_9879_testcases.CreateDME_Device" time="64.920" errors="0" timestamp="02 Feb 2023 13:07:33 GMT" skipped="0">
  <testcase classname="com.vbrick.avenger.videocommentapi_AV_9879_testcases.CreateDME_Device" name="TC_01_AddDMEDevice_api_check_with_AccountAdmin_Positive" time="64.920"/>
</testsuite> <!-- com.vbrick.avenger.videocommentapi_AV_9879_testcases.CreateDME_Device -->
