<?xml version="1.0" encoding="UTF-8"?>
<!-- Generated by org.testng.reporters.JUnitReportReporter -->
<testsuite hostname="VA-WIN7QA-01" name="com.vbrick.avenger.videocommentapi_AV_9879_testcases.EditVideoRating_AV_9880" tests="10" failures="0" timestamp="19 Sep 2022 14:55:23 GMT" time="1103.499" errors="0">
  <testcase name="TC_09_PUT_VideoRating_AccountAdmin_Rating5_And_Mediacontributor_Rating4_ValidVideo_Positive" time="95.660" classname="com.vbrick.avenger.videocommentapi_AV_9879_testcases.EditVideoRating_AV_9880"/>
  <testcase name="TC_05_PUT_VideoRating_api_check_AccountAdmin_Is_VideoRating_As_5_Positive" time="114.433" classname="com.vbrick.avenger.videocommentapi_AV_9879_testcases.EditVideoRating_AV_9880"/>
  <testcase name="TC_04_PUT_VideoRating_api_check_AccountAdmin_Is_VideoRating_As_4_Positive" time="113.850" classname="com.vbrick.avenger.videocommentapi_AV_9879_testcases.EditVideoRating_AV_9880"/>
  <testcase name="TC_01_PUT_VideoRating_api_check_AccountAdmin_Is_VideoRating_As_1_Positive" time="115.549" classname="com.vbrick.avenger.videocommentapi_AV_9879_testcases.EditVideoRating_AV_9880"/>
  <testcase name="TC_06_PUT_VideoRating_AccountAdmin_Rating1_And_MediaViewer_Rating2_ValidVideo_Positive" time="106.221" classname="com.vbrick.avenger.videocommentapi_AV_9879_testcases.EditVideoRating_AV_9880"/>
  <testcase name="TC_02_PUT_VideoRating_api_check_AccountAdmin_Is_VideoRating_As_2_Positive" time="123.634" classname="com.vbrick.avenger.videocommentapi_AV_9879_testcases.EditVideoRating_AV_9880"/>
  <testcase name="TC_10_PUT_VideoRating_AccountAdmin_Rating4_And_EventAdmin_Rating4_ValidVideo_Positive" time="102.340" classname="com.vbrick.avenger.videocommentapi_AV_9879_testcases.EditVideoRating_AV_9880"/>
  <testcase name="TC_08_PUT_VideoRating_AccountAdmin_Rating1_And_Mediacontributor_Rating5_ValidVideo_Positive" time="96.193" classname="com.vbrick.avenger.videocommentapi_AV_9879_testcases.EditVideoRating_AV_9880"/>
  <testcase name="TC_03_PUT_VideoRating_api_check_AccountAdmin_Is_VideoRating_As_3_Positive" time="113.169" classname="com.vbrick.avenger.videocommentapi_AV_9879_testcases.EditVideoRating_AV_9880"/>
  <testcase name="TC_07_PUT_VideoRating_AccountAdmin_Rating1_And_MediaAdmin_Rating3_ValidVideo_Positive" time="122.450" classname="com.vbrick.avenger.videocommentapi_AV_9879_testcases.EditVideoRating_AV_9880"/>
</testsuite> <!-- com.vbrick.avenger.videocommentapi_AV_9879_testcases.EditVideoRating_AV_9880 -->
