<?xml version="1.0" encoding="UTF-8"?>
<!-- Generated by org.testng.reporters.JUnitReportReporter -->
<testsuite hostname="IN-GudafwRS" failures="0" tests="1" name="com.vbrick.avenger.delete_unwanted_data_UI.DeleteAllCategories" time="1483.044" errors="1" timestamp="13 Jan 2023 07:29:21 GMT" skipped="0">
  <testcase classname="com.vbrick.avenger.delete_unwanted_data_UI.DeleteAllCategories" name="TC_01_Deleting_All_Categories_From_UI" time="1483.044">
    <error message="
Build info: version: &#039;3.6.0&#039;, revision: &#039;6fbf3ec767&#039;, time: &#039;2017-09-27T15:28:36.4Z&#039;

Driver info: driver.version: unknown" type="com.vbrick.Exception.ReasonsTimeOutException">
      <![CDATA[
	at com.vbrick.avenger.funUtil.WaitForElements.waitForElementPresent(WaitForElements.java:140)
	at com.vbrick.avenger.funUtil.WebElements.click(WebElements.java:342)
	at com.vbrick.avenger.pageobjects.AvengerHomePage.deleteAllCategories(AvengerHomePage.java:508)
	at com.vbrick.avenger.delete_unwanted_data_UI.DeleteAllCategories.TC_01_Deleting_All_Categories_From_UI(DeleteAllCategories.java:142)
	at java.base/jdk.internal.reflect.DirectMethodHandleAccessor.invoke(DirectMethodHandleAccessor.java:104)
	at java.base/java.lang.reflect.Method.invoke(Method.java:577)
	at org.testng.internal.MethodInvocationHelper.invokeMethod(MethodInvocationHelper.java:108)
	at org.testng.internal.Invoker.invokeMethod(Invoker.java:661)
	at org.testng.internal.Invoker.invokeTestMethod(Invoker.java:869)
	at org.testng.internal.Invoker.invokeTestMethods(Invoker.java:1193)
	at org.testng.internal.TestMethodWorker.invokeTestMethods(TestMethodWorker.java:126)
	at org.testng.internal.TestMethodWorker.run(TestMethodWorker.java:109)
	at org.testng.TestRunner.privateRun(TestRunner.java:744)
	at org.testng.TestRunner.run(TestRunner.java:602)
	at org.testng.SuiteRunner.runTest(SuiteRunner.java:380)
	at org.testng.SuiteRunner.runSequentially(SuiteRunner.java:375)
	at org.testng.SuiteRunner.privateRun(SuiteRunner.java:340)
	at org.testng.SuiteRunner.run(SuiteRunner.java:289)
	at org.testng.SuiteRunnerWorker.runSuite(SuiteRunnerWorker.java:52)
	at org.testng.SuiteRunnerWorker.run(SuiteRunnerWorker.java:86)
	at org.testng.TestNG.runSuitesSequentially(TestNG.java:1301)
	at org.testng.TestNG.runSuitesLocally(TestNG.java:1226)
	at org.testng.TestNG.runSuites(TestNG.java:1144)
	at org.testng.TestNG.run(TestNG.java:1115)
	at org.testng.remote.AbstractRemoteTestNG.run(AbstractRemoteTestNG.java:115)
	at org.testng.remote.RemoteTestNG.initAndRun(RemoteTestNG.java:251)
	at org.testng.remote.RemoteTestNG.main(RemoteTestNG.java:77)
]]>
    </error>
  </testcase> <!-- TC_01_Deleting_All_Categories_From_UI -->
</testsuite> <!-- com.vbrick.avenger.delete_unwanted_data_UI.DeleteAllCategories -->
