<?xml version="1.0" encoding="UTF-8"?>
<!-- Generated by org.testng.reporters.JUnitReportReporter -->
<testsuite hostname="IN-GudafwRS" failures="0" tests="1" name="com.vbrick.avenger_contentLinks.GetUrlPush_AV28786" time="122.046" errors="0" timestamp="18 Jan 2023 18:59:48 GMT" skipped="0">
  <testcase classname="com.vbrick.avenger_contentLinks.GetUrlPush_AV28786" name="TC06_Createanew_GetSharedURLsAPI_GETPushContentWebcast_GETISENABLED_Positve__AV28786" time="122.046"/>
</testsuite> <!-- com.vbrick.avenger_contentLinks.GetUrlPush_AV28786 -->
