<?xml version="1.0" encoding="UTF-8"?>
<!-- Generated by org.testng.reporters.JUnitReportReporter -->
<testsuite hostname="VA-WIN7QA-01" name="com.vbrick.avenger.videocommentapi_AV_9879_testcases.GetVideosPendingforApproval" tests="3" failures="0" timestamp="19 Sep 2022 14:55:23 GMT" time="608.339" errors="0">
  <testcase name="TC_01_GET_GetVideosPendingforApproval_api_check_With_AccountAdmin_And_EventAdmin_Positive" time="203.139" classname="com.vbrick.avenger.videocommentapi_AV_9879_testcases.GetVideosPendingforApproval"/>
  <testcase name="TC_03_GET_GetVideosPendingforApproval_api_check_With_AccountAdmin_And_MediaViewer_Positive" time="196.423" classname="com.vbrick.avenger.videocommentapi_AV_9879_testcases.GetVideosPendingforApproval"/>
  <testcase name="TC_02_GET_GetVideosPendingforApproval_api_check_With_MediaAdmin_And_MediaContributor_Positive" time="208.777" classname="com.vbrick.avenger.videocommentapi_AV_9879_testcases.GetVideosPendingforApproval"/>
</testsuite> <!-- com.vbrick.avenger.videocommentapi_AV_9879_testcases.GetVideosPendingforApproval -->
