<?xml version="1.0" encoding="UTF-8"?>
<!-- Generated by org.testng.reporters.JUnitReportReporter -->
<testsuite hostname="IN-GudafwRS" failures="0" tests="1" name="com.vbrick.avenger_contentLinks.GetEmbeddedContent_AV28828" time="183.217" errors="0" timestamp="14 Feb 2023 13:08:37 GMT" skipped="0">
  <testcase classname="com.vbrick.avenger_contentLinks.GetEmbeddedContent_AV28828" name="TC03_Createanew_GetSharedURLsAPI_GETEmbeddedContentWebcast_WithIcon_Positive_AV28828" time="183.217"/>
</testsuite> <!-- com.vbrick.avenger_contentLinks.GetEmbeddedContent_AV28828 -->
