<?xml version="1.0" encoding="UTF-8"?>
<!-- Generated by org.testng.reporters.JUnitReportReporter -->
<testsuite hostname="VA-WIN7QA-01" name="com.vbrick.avenger.uploadvideoapi_AV_6015_testcases.UploadTranscriptionFile_AV_10646" tests="1" failures="1" timestamp="20 Sep 2022 08:41:34 GMT" time="100.557" errors="0">
  <testcase name="TC_08_UploadTranscriptionFiles_AV10646_Uploading_TranscriptionContent_AccountAdmin_ByOverRidingAnExistingFile" time="100.557" classname="com.vbrick.avenger.uploadvideoapi_AV_6015_testcases.UploadTranscriptionFile_AV_10646">
    <failure type="com.vbrick.Exception.Reasons" message="FAIL">
      <![CDATA[com.vbrick.Exception.Reasons: FAIL
	at com.vbrick.Exception.CustomReport.checkinglist(CustomReport.java:390)
	at com.vbrick.avenger.uploadvideoapi_AV_6015_testcases.UploadTranscriptionFile_AV_10646.TC_08_UploadTranscriptionFiles_AV10646_Uploading_TranscriptionContent_AccountAdmin_ByOverRidingAnExistingFile(UploadTranscriptionFile_AV_10646.java:516)
	at sun.reflect.NativeMethodAccessorImpl.invoke0(Native Method)
	at sun.reflect.NativeMethodAccessorImpl.invoke(Unknown Source)
	at sun.reflect.DelegatingMethodAccessorImpl.invoke(Unknown Source)
	at java.lang.reflect.Method.invoke(Unknown Source)
	at org.testng.internal.MethodInvocationHelper.invokeMethod(MethodInvocationHelper.java:85)
	at org.testng.internal.Invoker.invokeMethod(Invoker.java:659)
	at org.testng.internal.Invoker.invokeTestMethod(Invoker.java:845)
	at org.testng.internal.Invoker.invokeTestMethods(Invoker.java:1153)
	at org.testng.internal.TestMethodWorker.invokeTestMethods(TestMethodWorker.java:125)
	at org.testng.internal.TestMethodWorker.run(TestMethodWorker.java:108)
	at java.util.concurrent.ThreadPoolExecutor.runWorker(Unknown Source)
	at java.util.concurrent.ThreadPoolExecutor$Worker.run(Unknown Source)
	at java.lang.Thread.run(Unknown Source)
]]>
    </failure>
  </testcase> <!-- TC_08_UploadTranscriptionFiles_AV10646_Uploading_TranscriptionContent_AccountAdmin_ByOverRidingAnExistingFile -->
</testsuite> <!-- com.vbrick.avenger.uploadvideoapi_AV_6015_testcases.UploadTranscriptionFile_AV_10646 -->
