<?xml version="1.0" encoding="UTF-8"?>
<!-- Generated by org.testng.reporters.JUnitReportReporter -->
<testsuite hostname="VA-WIN7QA-01" name="com.vbrick.avenger.videocommentapi_AV_9879_testcases.DMEdeviceslistAPI_Av_9655" tests="5" failures="0" timestamp="19 Sep 2022 14:55:23 GMT" time="325.648" errors="0">
  <testcase name="TC_03_GET_DMEdevicelist_api_check_With_EventAdmin_Positive" time="67.588" classname="com.vbrick.avenger.videocommentapi_AV_9879_testcases.DMEdeviceslistAPI_Av_9655"/>
  <testcase name="TC_02_GET_DMEdevicelist_api_check_With_MediaAdmin_Positive" time="63.524" classname="com.vbrick.avenger.videocommentapi_AV_9879_testcases.DMEdeviceslistAPI_Av_9655"/>
  <testcase name="TC_05_GET_DMEdevicelist_api_check_With_MediaViewer_Positive" time="63.793" classname="com.vbrick.avenger.videocommentapi_AV_9879_testcases.DMEdeviceslistAPI_Av_9655"/>
  <testcase name="TC_04_GET_DMEdevicelist_api_check_With_MediaContributor_Positive" time="65.562" classname="com.vbrick.avenger.videocommentapi_AV_9879_testcases.DMEdeviceslistAPI_Av_9655"/>
  <testcase name="TC_01_GET_DMEdevicelist_api_check_With_AccountAdmin_Positive" time="65.181" classname="com.vbrick.avenger.videocommentapi_AV_9879_testcases.DMEdeviceslistAPI_Av_9655"/>
</testsuite> <!-- com.vbrick.avenger.videocommentapi_AV_9879_testcases.DMEdeviceslistAPI_Av_9655 -->
