<?xml version="1.0" encoding="UTF-8"?>
<!-- Generated by org.testng.reporters.JUnitReportReporter -->
<testsuite hostname="VA-WIN7QA-01" name="com.vbrick.avenger.videocommentapi_AV_9879_testcases.PresentationProfileApi_Av_9876" tests="5" failures="0" timestamp="19 Sep 2022 14:55:23 GMT" time="447.230" errors="0">
  <testcase name="TC_05_GET_PresentationProfile_api_check_With_MediaViewer_Negative" time="67.500" classname="com.vbrick.avenger.videocommentapi_AV_9879_testcases.PresentationProfileApi_Av_9876"/>
  <testcase name="TC_03_GET_PresentationProfile_api_check_With_EventAdmin_Positive" time="99.336" classname="com.vbrick.avenger.videocommentapi_AV_9879_testcases.PresentationProfileApi_Av_9876"/>
  <testcase name="TC_04_GET_PresentationProfile_api_check_With_MediaContributor_Negative" time="68.620" classname="com.vbrick.avenger.videocommentapi_AV_9879_testcases.PresentationProfileApi_Av_9876"/>
  <testcase name="TC_02_GET_PresentationProfile_api_check_With_MediaAdmin_Positive" time="105.609" classname="com.vbrick.avenger.videocommentapi_AV_9879_testcases.PresentationProfileApi_Av_9876"/>
  <testcase name="TC_01_GET_PresentationProfile_api_check_With_AccountAdmin_Positive" time="106.165" classname="com.vbrick.avenger.videocommentapi_AV_9879_testcases.PresentationProfileApi_Av_9876"/>
</testsuite> <!-- com.vbrick.avenger.videocommentapi_AV_9879_testcases.PresentationProfileApi_Av_9876 -->
