<?xml version="1.0" encoding="UTF-8"?>
<!-- Generated by org.testng.reporters.JUnitReportReporter -->
<testsuite hostname="IN-GudafwRS" failures="0" tests="1" name="com.vbrick.avenger.videocommentapi_AV_9879_testcases.GetVideosComments_AV_10649" time="149.812" errors="0" timestamp="14 Mar 2023 05:40:32 GMT" skipped="0">
  <testcase classname="com.vbrick.avenger.videocommentapi_AV_9879_testcases.GetVideosComments_AV_10649" name="TC_07_GET_GetVideosCommentsAPI_api_check_with_AccountAdmins_InvalidVideoID_Negative" time="149.812"/>
</testsuite> <!-- com.vbrick.avenger.videocommentapi_AV_9879_testcases.GetVideosComments_AV_10649 -->
