<?xml version="1.0" encoding="UTF-8"?>
<!-- Generated by org.testng.reporters.JUnitReportReporter -->
<testsuite hostname="IN-GudafwRS" failures="0" tests="1" name="com.vbrick.avenger_contentLinks.PostURLPush_AV28786" time="119.239" errors="0" timestamp="14 Feb 2023 07:02:56 GMT" skipped="0">
  <testcase classname="com.vbrick.avenger_contentLinks.PostURLPush_AV28786" name="TC12_Createanew_PostPushContentWebcast_beforeStartingWebcast_andsendpushcontenturl_endEvent_andagiansendpushcontenturl_withallvaliddata_Positve_AV28786" time="119.239"/>
</testsuite> <!-- com.vbrick.avenger_contentLinks.PostURLPush_AV28786 -->
