<?xml version="1.0" encoding="UTF-8"?>
<!-- Generated by org.testng.reporters.JUnitReportReporter -->
<testsuite hostname="IN-GudafwRS" failures="0" tests="1" name="com.vbrick.avenger.videocommentapi_AV_9879_testcases.UploadBackgroundImagetoWebcast_AV_18674" time="149.295" errors="0" timestamp="08 Feb 2023 19:28:27 GMT" skipped="0">
  <testcase classname="com.vbrick.avenger.videocommentapi_AV_9879_testcases.UploadBackgroundImagetoWebcast_AV_18674" name="TC_06_UploadBackgroundImage_toaAllUsersWebcast_EventHostaseventadmin_withVcSippAddress_Positive" time="149.295"/>
</testsuite> <!-- com.vbrick.avenger.videocommentapi_AV_9879_testcases.UploadBackgroundImagetoWebcast_AV_18674 -->
