<?xml version="1.0" encoding="UTF-8"?>
<!-- Generated by org.testng.reporters.JUnitReportReporter -->
<testsuite hostname="VA-WIN7QA-01" name="com.vbrick.avenger.videocommentapi_AV_9879_testcases.CreateTeamApi_AV" tests="10" failures="0" timestamp="19 Sep 2022 14:55:23 GMT" time="960.207" errors="0">
  <testcase name="TC_10_POST_CreateTeam_With_AccountAdmin_givingfewvalidandfewinvalid_usersandgroups_Positive" time="112.908" classname="com.vbrick.avenger.videocommentapi_AV_9879_testcases.CreateTeamApi_AV"/>
  <testcase name="TC_01_POST_CreateTeam_api_check_With_AccountAdmin_Positive" time="90.858" classname="com.vbrick.avenger.videocommentapi_AV_9879_testcases.CreateTeamApi_AV"/>
  <testcase name="TC_02_POST_CreateTeam_api_check_With_MediaAdmin_Positive" time="93.115" classname="com.vbrick.avenger.videocommentapi_AV_9879_testcases.CreateTeamApi_AV"/>
  <testcase name="TC_03_POST_CreateTeam_api_check_With_MediaContributor_and_MediaViewer_Negative" time="65.829" classname="com.vbrick.avenger.videocommentapi_AV_9879_testcases.CreateTeamApi_AV"/>
  <testcase name="TC_07_POST_CreateTeam_With_AllFields_api_check_With_AccountAdmin_withmultipletammembers_Positive" time="147.290" classname="com.vbrick.avenger.videocommentapi_AV_9879_testcases.CreateTeamApi_AV"/>
  <testcase name="TC_05_POST_CreateTeam_api_withoutgiving_mandatory_teamname_with_AccountAdmin_Negative" time="65.916" classname="com.vbrick.avenger.videocommentapi_AV_9879_testcases.CreateTeamApi_AV"/>
  <testcase name="TC_08_POST_CreateTeam_api_giving_existing_teamname_with_AccountAdmin_Negative" time="66.127" classname="com.vbrick.avenger.videocommentapi_AV_9879_testcases.CreateTeamApi_AV"/>
  <testcase name="TC_04_POST_CreateTeam_api_check_With_EventAdmin_and_EventHost_Negative" time="67.290" classname="com.vbrick.avenger.videocommentapi_AV_9879_testcases.CreateTeamApi_AV"/>
  <testcase name="TC_09_POST_CreateTeam_api_check_With_MediaViewer_whenaddedto_grouphaving_MediaAdminaccess_Positive" time="93.854" classname="com.vbrick.avenger.videocommentapi_AV_9879_testcases.CreateTeamApi_AV"/>
  <testcase name="TC_06_POST_CreateTeam_With_AllFields_api_check_With_AccountAdmin_Positive" time="157.020" classname="com.vbrick.avenger.videocommentapi_AV_9879_testcases.CreateTeamApi_AV"/>
</testsuite> <!-- com.vbrick.avenger.videocommentapi_AV_9879_testcases.CreateTeamApi_AV -->
