<?xml version="1.0" encoding="UTF-8"?>
<!-- Generated by org.testng.reporters.JUnitReportReporter -->
<testsuite hostname="IN-GudafwRS" failures="0" tests="1" name="com.vbrick.avenger.videocommentapi_AV_9879_testcases.UserDetailsWithUserNameApi_AV_9873" time="39.000" errors="0" timestamp="23 Feb 2023 07:10:22 GMT" skipped="0">
  <testcase classname="com.vbrick.avenger.videocommentapi_AV_9879_testcases.UserDetailsWithUserNameApi_AV_9873" name="TC_09_GET_UserDetails_withUserName_andGetUserImage_Api_with_AccountAdmin_Positive" time="39.000"/>
</testsuite> <!-- com.vbrick.avenger.videocommentapi_AV_9879_testcases.UserDetailsWithUserNameApi_AV_9873 -->
