<?xml version="1.0" encoding="UTF-8"?>
<!-- Generated by org.testng.reporters.JUnitReportReporter -->
<testsuite hostname="IN-GudafwRS" failures="0" tests="1" name="com.vbrick.avenger.videocommentapi_AV_9879_testcases.SubmitVideosComments_AV_9879" time="101.680" errors="0" timestamp="14 Feb 2023 10:09:55 GMT" skipped="0">
  <testcase classname="com.vbrick.avenger.videocommentapi_AV_9879_testcases.SubmitVideosComments_AV_9879" name="TC_04_PUT_SubmitComment_api_check_with_MediaContributor_Positive" time="101.680"/>
</testsuite> <!-- com.vbrick.avenger.videocommentapi_AV_9879_testcases.SubmitVideosComments_AV_9879 -->
