<?xml version="1.0" encoding="UTF-8"?>
<!-- Generated by org.testng.reporters.JUnitReportReporter -->
<testsuite hostname="IN-GudafwRS" failures="0" tests="1" name="com.vbrick.avenger.videocommentapi_AV_9879_testcases.GetEventStatus" time="178.624" errors="0" timestamp="23 Feb 2023 05:27:26 GMT" skipped="0">
  <testcase classname="com.vbrick.avenger.videocommentapi_AV_9879_testcases.GetEventStatus" name="TC_01_GET_GetWebcastCommentsLog_withfont_asbold_Positive_AV29356" time="178.624"/>
</testsuite> <!-- com.vbrick.avenger.videocommentapi_AV_9879_testcases.GetEventStatus -->
