<?xml version="1.0" encoding="UTF-8"?>
<!-- Generated by org.testng.reporters.JUnitReportReporter -->
<testsuite hostname="VA-WIN7QA-01" name="com.vbrick.avenger.videocommentapi_AV_9879_testcases.GetUserRolesApi_Av_10744" tests="6" failures="0" timestamp="19 Sep 2022 14:55:23 GMT" time="412.527" errors="0">
  <testcase name="TC_03_GET_UserRoles_api_check_UserRoles_with_MediaContributor_Negative" time="66.686" classname="com.vbrick.avenger.videocommentapi_AV_9879_testcases.GetUserRolesApi_Av_10744"/>
  <testcase name="TC_01_GET_UserRoles_api_check_UserRoles_with_AccoutAdmin_Positive" time="85.416" classname="com.vbrick.avenger.videocommentapi_AV_9879_testcases.GetUserRolesApi_Av_10744"/>
  <testcase name="TC_04_GET_UserRoles_api_check_UserRoles_with_Eventadmin_Negative" time="64.243" classname="com.vbrick.avenger.videocommentapi_AV_9879_testcases.GetUserRolesApi_Av_10744"/>
  <testcase name="TC_05_GET_UserRoles_api_check_UserRoles_with_MediaViewer_Negative" time="65.722" classname="com.vbrick.avenger.videocommentapi_AV_9879_testcases.GetUserRolesApi_Av_10744"/>
  <testcase name="TC_02_GET_UserRoles_api_check_UserRoles_with_MediaAdmin_Negative" time="64.724" classname="com.vbrick.avenger.videocommentapi_AV_9879_testcases.GetUserRolesApi_Av_10744"/>
  <testcase name="TC_06_GET_UserRoles_api_check_UserRoles_with_Eventhost_Negative" time="65.736" classname="com.vbrick.avenger.videocommentapi_AV_9879_testcases.GetUserRolesApi_Av_10744"/>
</testsuite> <!-- com.vbrick.avenger.videocommentapi_AV_9879_testcases.GetUserRolesApi_Av_10744 -->
