<?xml version="1.0" encoding="UTF-8"?>
<!-- Generated by org.testng.reporters.JUnitReportReporter -->
<testsuite hostname="IN-GudafwRS" failures="0" tests="1" name="com.vbrick.avenger.videocommentapi_AV_9879_testcases.DeleteVideoTranscriptionFile" time="193.738" errors="0" timestamp="06 Jan 2023 11:38:57 GMT" skipped="0">
  <testcase classname="com.vbrick.avenger.videocommentapi_AV_9879_testcases.DeleteVideoTranscriptionFile" name="TC_10_Delete_SingleTranscriptionFile_WithEditAccess" time="193.738"/>
</testsuite> <!-- com.vbrick.avenger.videocommentapi_AV_9879_testcases.DeleteVideoTranscriptionFile -->
