<?xml version="1.0" encoding="UTF-8"?>
<!-- Generated by org.testng.reporters.JUnitReportReporter -->
<testsuite hostname="IN-GudafwRS" failures="0" tests="1" name="com.sample.testing" time="46.608" errors="0" timestamp="13 Feb 2023 09:20:43 GMT" skipped="0">
  <testcase classname="com.sample.testing" name="testing" time="46.608"/>
</testsuite> <!-- com.sample.testing -->
