<?xml version="1.0" encoding="UTF-8"?>
<!-- Generated by org.testng.reporters.JUnitReportReporter -->
<testsuite hostname="IN-GudafwRS" failures="0" tests="1" name="com.vbrick.avenger.uploadvideoapi_AV_6015_testcases.DeletePlaylistAPI_AV14933" time="174.635" errors="0" timestamp="23 Jan 2023 10:13:55 GMT" skipped="0">
  <testcase classname="com.vbrick.avenger.uploadvideoapi_AV_6015_testcases.DeletePlaylistAPI_AV14933" name="TC_02_DELETE_DeletePlaylist_api_check_With_MediaAdmin_Positive" time="174.635"/>
</testsuite> <!-- com.vbrick.avenger.uploadvideoapi_AV_6015_testcases.DeletePlaylistAPI_AV14933 -->
