<?xml version="1.0" encoding="UTF-8"?>
<!-- Generated by org.testng.reporters.JUnitReportReporter -->
<testsuite hostname="IN-GudafwRS" failures="0" tests="1" name="com.vbrick.avenger.uploadvideoapi_AV_6015_testcases.CreatePlaylist_AV_14931" time="100.847" errors="0" timestamp="08 Feb 2023 07:03:41 GMT" skipped="0">
  <testcase classname="com.vbrick.avenger.uploadvideoapi_AV_6015_testcases.CreatePlaylist_AV_14931" name="TC_01_Create_Playlist_with_Accountadmin_Roles" time="100.847"/>
</testsuite> <!-- com.vbrick.avenger.uploadvideoapi_AV_6015_testcases.CreatePlaylist_AV_14931 -->
