<?xml version="1.0" encoding="UTF-8"?>
<!-- Generated by org.testng.reporters.JUnitReportReporter -->
<testsuite hostname="VA-WIN7QA-01" name="com.vbrick.avenger.deleteallgroupsandchannels.DeleteAllGroups" tests="1" failures="0" timestamp="20 Jul 2022 07:02:13 GMT" time="646.068" errors="0">
  <testcase name="TC_01_Deleting_All_Groups_From_UI" time="646.068" classname="com.vbrick.avenger.deleteallgroupsandchannels.DeleteAllGroups"/>
</testsuite> <!-- com.vbrick.avenger.deleteallgroupsandchannels.DeleteAllGroups -->
