<?xml version="1.0" encoding="UTF-8"?>
<!-- Generated by org.testng.reporters.JUnitReportReporter -->
<testsuite hostname="IN-GudafwRS" failures="0" tests="1" name="com.vbrick.avenger.videocommentapi_AV_9879_testcases.DeleteVideoApi_AV_9129" time="106.772" errors="0" timestamp="14 Feb 2023 09:10:56 GMT" skipped="0">
  <testcase classname="com.vbrick.avenger.videocommentapi_AV_9879_testcases.DeleteVideoApi_AV_9129" name="TC_12_Delete_legalholv_video_with_accountadmin_Negative" time="106.772"/>
</testsuite> <!-- com.vbrick.avenger.videocommentapi_AV_9879_testcases.DeleteVideoApi_AV_9129 -->
