<?xml version="1.0" encoding="UTF-8"?>
<!-- Generated by org.testng.reporters.JUnitReportReporter -->
<testsuite hostname="IN-GudafwRS" failures="0" tests="1" name="com.vbrick.avenger.videocommentapi_AV_9879_testcases.UserDetailsWithEmailApi_AV_9873" time="39.222" errors="0" timestamp="28 Feb 2023 05:59:41 GMT" skipped="0">
  <testcase classname="com.vbrick.avenger.videocommentapi_AV_9879_testcases.UserDetailsWithEmailApi_AV_9873" name="TC_09_GET_UserDetails_withEmail_andGetUserImage_Api_with_AccountAdmin_Positive" time="39.222"/>
</testsuite> <!-- com.vbrick.avenger.videocommentapi_AV_9879_testcases.UserDetailsWithEmailApi_AV_9873 -->
