<?xml version="1.0" encoding="UTF-8"?>
<!-- Generated by org.testng.reporters.JUnitReportReporter -->
<testsuite hostname="IN-GudafwRS" failures="0" tests="1" name="com.vbrick.avenger_contentLinks.PUTPushContentWebcast_AV28786" time="177.235" errors="0" timestamp="15 Feb 2023 06:01:07 GMT" skipped="0">
  <testcase classname="com.vbrick.avenger_contentLinks.PUTPushContentWebcast_AV28786" name="TC03_ActivateDeactivate_SharedURL_PUTPushContentWebcast_ISEnableFalse_AsEventAdmin_Positve_AV14992" time="177.235"/>
</testsuite> <!-- com.vbrick.avenger_contentLinks.PUTPushContentWebcast_AV28786 -->
