<?xml version="1.0" encoding="UTF-8"?>
<!-- Generated by org.testng.reporters.JUnitReportReporter -->
<testsuite hostname="IN-GudafwRS" failures="0" tests="1" name="com.vbrick.avenger.videocommentapi_AV_9879_testcases.EditEventApi_Av_9878" time="349.360" errors="0" timestamp="15 Feb 2023 07:58:48 GMT" skipped="0">
  <testcase classname="com.vbrick.avenger.videocommentapi_AV_9879_testcases.EditEventApi_Av_9878" name="TC_03_PUT_EditEvent_EventHost_public_fromallfieldstomandatoryfieldsafteredit_Update_eventadminidandPPfromVCaddress_eventadminaseventhost_Positive" time="349.360"/>
</testsuite> <!-- com.vbrick.avenger.videocommentapi_AV_9879_testcases.EditEventApi_Av_9878 -->
