<?xml version="1.0" encoding="UTF-8"?>
<!-- Generated by org.testng.reporters.JUnitReportReporter -->
<testsuite hostname="IN-GudafwRS" failures="0" tests="1" name="com.vbrick.avenger.videocommentapi_AV_9879_testcases.DeleteDMEDevicesAPI" time="67.146" errors="0" timestamp="05 Jan 2023 02:48:14 GMT" skipped="0">
  <testcase classname="com.vbrick.avenger.videocommentapi_AV_9879_testcases.DeleteDMEDevicesAPI" name="TC_04_DeleteDMEDevice_api_check_with_MediaViewer_without_Authorization_Negative" time="67.146"/>
</testsuite> <!-- com.vbrick.avenger.videocommentapi_AV_9879_testcases.DeleteDMEDevicesAPI -->
