<?xml version="1.0" encoding="UTF-8"?>
<!-- Generated by org.testng.reporters.JUnitReportReporter -->
<testsuite hostname="IN-GudafwRS" failures="0" tests="64" name="com.vbrick.apiusercreation.EventHost_UserCreation_API_1_40" time="2713.235" errors="0" timestamp="13 Feb 2023 11:10:24 GMT" skipped="0">
  <testcase classname="com.vbrick.apiusercreation.EventHost_UserCreation_API_1_40" name="AT_verify_userCreation_1to40" time="40.708"/>
  <testcase classname="com.vbrick.apiusercreation.EventHost_UserCreation_API_1_40" name="AT_verify_userCreation_1to40" time="45.254"/>
  <testcase classname="com.vbrick.apiusercreation.EventHost_UserCreation_API_1_40" name="AT_verify_userCreation_1to40" time="37.892"/>
  <testcase classname="com.vbrick.apiusercreation.EventHost_UserCreation_API_1_40" name="AT_verify_userCreation_1to40" time="73.451"/>
  <testcase classname="com.vbrick.apiusercreation.EventHost_UserCreation_API_1_40" name="AT_verify_userCreation_1to40" time="44.559"/>
  <testcase classname="com.vbrick.apiusercreation.EventHost_UserCreation_API_1_40" name="AT_verify_userCreation_1to40" time="39.555"/>
  <testcase classname="com.vbrick.apiusercreation.EventHost_UserCreation_API_1_40" name="AT_verify_userCreation_1to40" time="38.722"/>
  <testcase classname="com.vbrick.apiusercreation.EventHost_UserCreation_API_1_40" name="AT_verify_userCreation_1to40" time="38.926"/>
  <testcase classname="com.vbrick.apiusercreation.EventHost_UserCreation_API_1_40" name="AT_verify_userCreation_1to40" time="39.427"/>
  <testcase classname="com.vbrick.apiusercreation.EventHost_UserCreation_API_1_40" name="AT_verify_userCreation_1to40" time="52.586"/>
  <testcase classname="com.vbrick.apiusercreation.EventHost_UserCreation_API_1_40" name="AT_verify_userCreation_1to40" time="40.100"/>
  <testcase classname="com.vbrick.apiusercreation.EventHost_UserCreation_API_1_40" name="AT_verify_userCreation_1to40" time="40.849"/>
  <testcase classname="com.vbrick.apiusercreation.EventHost_UserCreation_API_1_40" name="AT_verify_userCreation_1to40" time="38.585"/>
  <testcase classname="com.vbrick.apiusercreation.EventHost_UserCreation_API_1_40" name="AT_verify_userCreation_1to40" time="42.756"/>
  <testcase classname="com.vbrick.apiusercreation.EventHost_UserCreation_API_1_40" name="AT_verify_userCreation_1to40" time="38.160"/>
  <testcase classname="com.vbrick.apiusercreation.EventHost_UserCreation_API_1_40" name="AT_verify_userCreation_1to40" time="44.777"/>
  <testcase classname="com.vbrick.apiusercreation.EventHost_UserCreation_API_1_40" name="AT_verify_userCreation_1to40" time="39.026"/>
  <testcase classname="com.vbrick.apiusercreation.EventHost_UserCreation_API_1_40" name="AT_verify_userCreation_1to40" time="41.859"/>
  <testcase classname="com.vbrick.apiusercreation.EventHost_UserCreation_API_1_40" name="AT_verify_userCreation_1to40" time="38.816"/>
  <testcase classname="com.vbrick.apiusercreation.EventHost_UserCreation_API_1_40" name="AT_verify_userCreation_1to40" time="38.195"/>
  <testcase classname="com.vbrick.apiusercreation.EventHost_UserCreation_API_1_40" name="AT_verify_userCreation_1to40" time="74.712"/>
  <testcase classname="com.vbrick.apiusercreation.EventHost_UserCreation_API_1_40" name="AT_verify_userCreation_1to40" time="38.720"/>
  <testcase classname="com.vbrick.apiusercreation.EventHost_UserCreation_API_1_40" name="AT_verify_userCreation_1to40" time="41.804"/>
  <testcase classname="com.vbrick.apiusercreation.EventHost_UserCreation_API_1_40" name="AT_verify_userCreation_1to40" time="37.710"/>
  <testcase classname="com.vbrick.apiusercreation.EventHost_UserCreation_API_1_40" name="AT_verify_userCreation_1to40" time="38.059"/>
  <testcase classname="com.vbrick.apiusercreation.EventHost_UserCreation_API_1_40" name="AT_verify_userCreation_1to40" time="41.078"/>
  <testcase classname="com.vbrick.apiusercreation.EventHost_UserCreation_API_1_40" name="AT_verify_userCreation_1to40" time="41.387"/>
  <testcase classname="com.vbrick.apiusercreation.EventHost_UserCreation_API_1_40" name="AT_verify_userCreation_1to40" time="41.784"/>
  <testcase classname="com.vbrick.apiusercreation.EventHost_UserCreation_API_1_40" name="AT_verify_userCreation_1to40" time="44.101"/>
  <testcase classname="com.vbrick.apiusercreation.EventHost_UserCreation_API_1_40" name="AT_verify_userCreation_1to40" time="40.394"/>
  <testcase classname="com.vbrick.apiusercreation.EventHost_UserCreation_API_1_40" name="AT_verify_userCreation_1to40" time="46.172"/>
  <testcase classname="com.vbrick.apiusercreation.EventHost_UserCreation_API_1_40" name="AT_verify_userCreation_1to40" time="38.949"/>
  <testcase classname="com.vbrick.apiusercreation.EventHost_UserCreation_API_1_40" name="AT_verify_userCreation_1to40" time="38.620"/>
  <testcase classname="com.vbrick.apiusercreation.EventHost_UserCreation_API_1_40" name="AT_verify_userCreation_1to40" time="44.051"/>
  <testcase classname="com.vbrick.apiusercreation.EventHost_UserCreation_API_1_40" name="AT_verify_userCreation_1to40" time="37.764"/>
  <testcase classname="com.vbrick.apiusercreation.EventHost_UserCreation_API_1_40" name="AT_verify_userCreation_1to40" time="38.822"/>
  <testcase classname="com.vbrick.apiusercreation.EventHost_UserCreation_API_1_40" name="AT_verify_userCreation_1to40" time="37.577"/>
  <testcase classname="com.vbrick.apiusercreation.EventHost_UserCreation_API_1_40" name="AT_verify_userCreation_1to40" time="44.013"/>
  <testcase classname="com.vbrick.apiusercreation.EventHost_UserCreation_API_1_40" name="AT_verify_userCreation_1to40" time="68.775"/>
  <testcase classname="com.vbrick.apiusercreation.EventHost_UserCreation_API_1_40" name="AT_verify_userCreation_1to40" time="44.276"/>
  <testcase classname="com.vbrick.apiusercreation.EventHost_UserCreation_API_1_40" name="AT_verify_userCreation_1to40" time="43.806"/>
  <testcase classname="com.vbrick.apiusercreation.EventHost_UserCreation_API_1_40" name="AT_verify_userCreation_1to40" time="40.457"/>
  <testcase classname="com.vbrick.apiusercreation.EventHost_UserCreation_API_1_40" name="AT_verify_userCreation_1to40" time="37.726"/>
  <testcase classname="com.vbrick.apiusercreation.EventHost_UserCreation_API_1_40" name="AT_verify_userCreation_1to40" time="40.414"/>
  <testcase classname="com.vbrick.apiusercreation.EventHost_UserCreation_API_1_40" name="AT_verify_userCreation_1to40" time="42.676"/>
  <testcase classname="com.vbrick.apiusercreation.EventHost_UserCreation_API_1_40" name="AT_verify_userCreation_1to40" time="40.611"/>
  <testcase classname="com.vbrick.apiusercreation.EventHost_UserCreation_API_1_40" name="AT_verify_userCreation_1to40" time="41.268"/>
  <testcase classname="com.vbrick.apiusercreation.EventHost_UserCreation_API_1_40" name="AT_verify_userCreation_1to40" time="38.288"/>
  <testcase classname="com.vbrick.apiusercreation.EventHost_UserCreation_API_1_40" name="AT_verify_userCreation_1to40" time="38.310"/>
  <testcase classname="com.vbrick.apiusercreation.EventHost_UserCreation_API_1_40" name="AT_verify_userCreation_1to40" time="40.358"/>
  <testcase classname="com.vbrick.apiusercreation.EventHost_UserCreation_API_1_40" name="AT_verify_userCreation_1to40" time="38.293"/>
  <testcase classname="com.vbrick.apiusercreation.EventHost_UserCreation_API_1_40" name="AT_verify_userCreation_1to40" time="43.567"/>
  <testcase classname="com.vbrick.apiusercreation.EventHost_UserCreation_API_1_40" name="AT_verify_userCreation_1to40" time="39.709"/>
  <testcase classname="com.vbrick.apiusercreation.EventHost_UserCreation_API_1_40" name="AT_verify_userCreation_1to40" time="38.531"/>
  <testcase classname="com.vbrick.apiusercreation.EventHost_UserCreation_API_1_40" name="AT_verify_userCreation_1to40" time="39.215"/>
  <testcase classname="com.vbrick.apiusercreation.EventHost_UserCreation_API_1_40" name="AT_verify_userCreation_1to40" time="50.982"/>
  <testcase classname="com.vbrick.apiusercreation.EventHost_UserCreation_API_1_40" name="AT_verify_userCreation_1to40" time="43.920"/>
  <testcase classname="com.vbrick.apiusercreation.EventHost_UserCreation_API_1_40" name="AT_verify_userCreation_1to40" time="39.130"/>
  <testcase classname="com.vbrick.apiusercreation.EventHost_UserCreation_API_1_40" name="AT_verify_userCreation_1to40" time="45.522"/>
  <testcase classname="com.vbrick.apiusercreation.EventHost_UserCreation_API_1_40" name="AT_verify_userCreation_1to40" time="37.626"/>
  <testcase classname="com.vbrick.apiusercreation.EventHost_UserCreation_API_1_40" name="AT_verify_userCreation_1to40" time="39.202"/>
  <testcase classname="com.vbrick.apiusercreation.EventHost_UserCreation_API_1_40" name="AT_verify_userCreation_1to40" time="42.233"/>
  <testcase classname="com.vbrick.apiusercreation.EventHost_UserCreation_API_1_40" name="AT_verify_userCreation_1to40" time="40.122"/>
  <testcase classname="com.vbrick.apiusercreation.EventHost_UserCreation_API_1_40" name="AT_verify_userCreation_1to40" time="38.298"/>
</testsuite> <!-- com.vbrick.apiusercreation.EventHost_UserCreation_API_1_40 -->
