<?xml version="1.0" encoding="UTF-8"?>
<!-- Generated by org.testng.reporters.JUnitReportReporter -->
<testsuite hostname="IN-GudafwRS" failures="0" tests="1" name="com.vbrick.avenger.videocommentapi_AV_9879_testcases.AddVideoLinkApi" time="59.771" errors="0" timestamp="23 Feb 2023 12:32:27 GMT" skipped="0">
  <testcase classname="com.vbrick.avenger.videocommentapi_AV_9879_testcases.AddVideoLinkApi" name="TC_0_Post_AddVideoLink_api_check_Migrate_LegacyView_forliveVideo_AsValid_Count_Positive_AV29567" time="59.771"/>
</testsuite> <!-- com.vbrick.avenger.videocommentapi_AV_9879_testcases.AddVideoLinkApi -->
