<?xml version="1.0" encoding="UTF-8"?>
<!-- Generated by org.testng.reporters.JUnitReportReporter -->
<testsuite hostname="IN-GudafwRS" failures="0" tests="77" name="com.vbrick.apiusercreation.AccountAdmin_UserCreation_API_1_40" time="3425.382" errors="0" timestamp="13 Feb 2023 11:10:24 GMT" skipped="0">
  <testcase classname="com.vbrick.apiusercreation.AccountAdmin_UserCreation_API_1_40" name="AT_verify_userCreation_1to40" time="42.313"/>
  <testcase classname="com.vbrick.apiusercreation.AccountAdmin_UserCreation_API_1_40" name="AT_verify_userCreation_1to40" time="37.927"/>
  <testcase classname="com.vbrick.apiusercreation.AccountAdmin_UserCreation_API_1_40" name="AT_verify_userCreation_1to40" time="37.866"/>
  <testcase classname="com.vbrick.apiusercreation.AccountAdmin_UserCreation_API_1_40" name="AT_verify_userCreation_1to40" time="39.128"/>
  <testcase classname="com.vbrick.apiusercreation.AccountAdmin_UserCreation_API_1_40" name="AT_verify_userCreation_1to40" time="36.282"/>
  <testcase classname="com.vbrick.apiusercreation.AccountAdmin_UserCreation_API_1_40" name="AT_verify_userCreation_1to40" time="36.382"/>
  <testcase classname="com.vbrick.apiusercreation.AccountAdmin_UserCreation_API_1_40" name="AT_verify_userCreation_1to40" time="39.557"/>
  <testcase classname="com.vbrick.apiusercreation.AccountAdmin_UserCreation_API_1_40" name="AT_verify_userCreation_1to40" time="37.607"/>
  <testcase classname="com.vbrick.apiusercreation.AccountAdmin_UserCreation_API_1_40" name="AT_verify_userCreation_1to40" time="38.074"/>
  <testcase classname="com.vbrick.apiusercreation.AccountAdmin_UserCreation_API_1_40" name="AT_verify_userCreation_1to40" time="39.903"/>
  <testcase classname="com.vbrick.apiusercreation.AccountAdmin_UserCreation_API_1_40" name="AT_verify_userCreation_1to40" time="39.941"/>
  <testcase classname="com.vbrick.apiusercreation.AccountAdmin_UserCreation_API_1_40" name="AT_verify_userCreation_1to40" time="38.365"/>
  <testcase classname="com.vbrick.apiusercreation.AccountAdmin_UserCreation_API_1_40" name="AT_verify_userCreation_1to40" time="39.592"/>
  <testcase classname="com.vbrick.apiusercreation.AccountAdmin_UserCreation_API_1_40" name="AT_verify_userCreation_1to40" time="37.210"/>
  <testcase classname="com.vbrick.apiusercreation.AccountAdmin_UserCreation_API_1_40" name="AT_verify_userCreation_1to40" time="36.666"/>
  <testcase classname="com.vbrick.apiusercreation.AccountAdmin_UserCreation_API_1_40" name="AT_verify_userCreation_1to40" time="53.303"/>
  <testcase classname="com.vbrick.apiusercreation.AccountAdmin_UserCreation_API_1_40" name="AT_verify_userCreation_1to40" time="37.583"/>
  <testcase classname="com.vbrick.apiusercreation.AccountAdmin_UserCreation_API_1_40" name="AT_verify_userCreation_1to40" time="40.232"/>
  <testcase classname="com.vbrick.apiusercreation.AccountAdmin_UserCreation_API_1_40" name="AT_verify_userCreation_1to40" time="38.190"/>
  <testcase classname="com.vbrick.apiusercreation.AccountAdmin_UserCreation_API_1_40" name="AT_verify_userCreation_1to40" time="36.811"/>
  <testcase classname="com.vbrick.apiusercreation.AccountAdmin_UserCreation_API_1_40" name="AT_verify_userCreation_1to40" time="42.634"/>
  <testcase classname="com.vbrick.apiusercreation.AccountAdmin_UserCreation_API_1_40" name="AT_verify_userCreation_1to40" time="37.967"/>
  <testcase classname="com.vbrick.apiusercreation.AccountAdmin_UserCreation_API_1_40" name="AT_verify_userCreation_1to40" time="38.208"/>
  <testcase classname="com.vbrick.apiusercreation.AccountAdmin_UserCreation_API_1_40" name="AT_verify_userCreation_1to40" time="39.085"/>
  <testcase classname="com.vbrick.apiusercreation.AccountAdmin_UserCreation_API_1_40" name="AT_verify_userCreation_1to40" time="41.410"/>
  <testcase classname="com.vbrick.apiusercreation.AccountAdmin_UserCreation_API_1_40" name="AT_verify_userCreation_1to40" time="37.425"/>
  <testcase classname="com.vbrick.apiusercreation.AccountAdmin_UserCreation_API_1_40" name="AT_verify_userCreation_1to40" time="39.760"/>
  <testcase classname="com.vbrick.apiusercreation.AccountAdmin_UserCreation_API_1_40" name="AT_verify_userCreation_1to40" time="36.480"/>
  <testcase classname="com.vbrick.apiusercreation.AccountAdmin_UserCreation_API_1_40" name="AT_verify_userCreation_1to40" time="43.450"/>
  <testcase classname="com.vbrick.apiusercreation.AccountAdmin_UserCreation_API_1_40" name="AT_verify_userCreation_1to40" time="37.410"/>
  <testcase classname="com.vbrick.apiusercreation.AccountAdmin_UserCreation_API_1_40" name="AT_verify_userCreation_1to40" time="303.757"/>
  <testcase classname="com.vbrick.apiusercreation.AccountAdmin_UserCreation_API_1_40" name="AT_verify_userCreation_1to40" time="37.528"/>
  <testcase classname="com.vbrick.apiusercreation.AccountAdmin_UserCreation_API_1_40" name="AT_verify_userCreation_1to40" time="40.687"/>
  <testcase classname="com.vbrick.apiusercreation.AccountAdmin_UserCreation_API_1_40" name="AT_verify_userCreation_1to40" time="42.287"/>
  <testcase classname="com.vbrick.apiusercreation.AccountAdmin_UserCreation_API_1_40" name="AT_verify_userCreation_1to40" time="39.553"/>
  <testcase classname="com.vbrick.apiusercreation.AccountAdmin_UserCreation_API_1_40" name="AT_verify_userCreation_1to40" time="37.299"/>
  <testcase classname="com.vbrick.apiusercreation.AccountAdmin_UserCreation_API_1_40" name="AT_verify_userCreation_1to40" time="41.876"/>
  <testcase classname="com.vbrick.apiusercreation.AccountAdmin_UserCreation_API_1_40" name="AT_verify_userCreation_1to40" time="40.831"/>
  <testcase classname="com.vbrick.apiusercreation.AccountAdmin_UserCreation_API_1_40" name="AT_verify_userCreation_1to40" time="74.601"/>
  <testcase classname="com.vbrick.apiusercreation.AccountAdmin_UserCreation_API_1_40" name="AT_verify_userCreation_1to40" time="44.720"/>
  <testcase classname="com.vbrick.apiusercreation.AccountAdmin_UserCreation_API_1_40" name="AT_verify_userCreation_1to40" time="44.378"/>
  <testcase classname="com.vbrick.apiusercreation.AccountAdmin_UserCreation_API_1_40" name="AT_verify_userCreation_1to40" time="43.002"/>
  <testcase classname="com.vbrick.apiusercreation.AccountAdmin_UserCreation_API_1_40" name="AT_verify_userCreation_1to40" time="38.628"/>
  <testcase classname="com.vbrick.apiusercreation.AccountAdmin_UserCreation_API_1_40" name="AT_verify_userCreation_1to40" time="72.345"/>
  <testcase classname="com.vbrick.apiusercreation.AccountAdmin_UserCreation_API_1_40" name="AT_verify_userCreation_1to40" time="36.908"/>
  <testcase classname="com.vbrick.apiusercreation.AccountAdmin_UserCreation_API_1_40" name="AT_verify_userCreation_1to40" time="47.121"/>
  <testcase classname="com.vbrick.apiusercreation.AccountAdmin_UserCreation_API_1_40" name="AT_verify_userCreation_1to40" time="36.965"/>
  <testcase classname="com.vbrick.apiusercreation.AccountAdmin_UserCreation_API_1_40" name="AT_verify_userCreation_1to40" time="39.801"/>
  <testcase classname="com.vbrick.apiusercreation.AccountAdmin_UserCreation_API_1_40" name="AT_verify_userCreation_1to40" time="43.952"/>
  <testcase classname="com.vbrick.apiusercreation.AccountAdmin_UserCreation_API_1_40" name="AT_verify_userCreation_1to40" time="38.527"/>
  <testcase classname="com.vbrick.apiusercreation.AccountAdmin_UserCreation_API_1_40" name="AT_verify_userCreation_1to40" time="40.831"/>
  <testcase classname="com.vbrick.apiusercreation.AccountAdmin_UserCreation_API_1_40" name="AT_verify_userCreation_1to40" time="41.296"/>
  <testcase classname="com.vbrick.apiusercreation.AccountAdmin_UserCreation_API_1_40" name="AT_verify_userCreation_1to40" time="36.735"/>
  <testcase classname="com.vbrick.apiusercreation.AccountAdmin_UserCreation_API_1_40" name="AT_verify_userCreation_1to40" time="47.980"/>
  <testcase classname="com.vbrick.apiusercreation.AccountAdmin_UserCreation_API_1_40" name="AT_verify_userCreation_1to40" time="40.131"/>
  <testcase classname="com.vbrick.apiusercreation.AccountAdmin_UserCreation_API_1_40" name="AT_verify_userCreation_1to40" time="37.319"/>
  <testcase classname="com.vbrick.apiusercreation.AccountAdmin_UserCreation_API_1_40" name="AT_verify_userCreation_1to40" time="36.541"/>
  <testcase classname="com.vbrick.apiusercreation.AccountAdmin_UserCreation_API_1_40" name="AT_verify_userCreation_1to40" time="36.616"/>
  <testcase classname="com.vbrick.apiusercreation.AccountAdmin_UserCreation_API_1_40" name="AT_verify_userCreation_1to40" time="39.388"/>
  <testcase classname="com.vbrick.apiusercreation.AccountAdmin_UserCreation_API_1_40" name="AT_verify_userCreation_1to40" time="39.580"/>
  <testcase classname="com.vbrick.apiusercreation.AccountAdmin_UserCreation_API_1_40" name="AT_verify_userCreation_1to40" time="38.770"/>
  <testcase classname="com.vbrick.apiusercreation.AccountAdmin_UserCreation_API_1_40" name="AT_verify_userCreation_1to40" time="45.764"/>
  <testcase classname="com.vbrick.apiusercreation.AccountAdmin_UserCreation_API_1_40" name="AT_verify_userCreation_1to40" time="48.129"/>
  <testcase classname="com.vbrick.apiusercreation.AccountAdmin_UserCreation_API_1_40" name="AT_verify_userCreation_1to40" time="37.800"/>
  <testcase classname="com.vbrick.apiusercreation.AccountAdmin_UserCreation_API_1_40" name="AT_verify_userCreation_1to40" time="40.128"/>
  <testcase classname="com.vbrick.apiusercreation.AccountAdmin_UserCreation_API_1_40" name="AT_verify_userCreation_1to40" time="38.692"/>
  <testcase classname="com.vbrick.apiusercreation.AccountAdmin_UserCreation_API_1_40" name="AT_verify_userCreation_1to40" time="40.098"/>
  <testcase classname="com.vbrick.apiusercreation.AccountAdmin_UserCreation_API_1_40" name="AT_verify_userCreation_1to40" time="38.984"/>
  <testcase classname="com.vbrick.apiusercreation.AccountAdmin_UserCreation_API_1_40" name="AT_verify_userCreation_1to40" time="39.521"/>
  <testcase classname="com.vbrick.apiusercreation.AccountAdmin_UserCreation_API_1_40" name="AT_verify_userCreation_1to40" time="61.540"/>
  <testcase classname="com.vbrick.apiusercreation.AccountAdmin_UserCreation_API_1_40" name="AT_verify_userCreation_1to40" time="47.650"/>
  <testcase classname="com.vbrick.apiusercreation.AccountAdmin_UserCreation_API_1_40" name="AT_verify_userCreation_1to40" time="38.815"/>
  <testcase classname="com.vbrick.apiusercreation.AccountAdmin_UserCreation_API_1_40" name="AT_verify_userCreation_1to40" time="37.439"/>
  <testcase classname="com.vbrick.apiusercreation.AccountAdmin_UserCreation_API_1_40" name="AT_verify_userCreation_1to40" time="38.080"/>
  <testcase classname="com.vbrick.apiusercreation.AccountAdmin_UserCreation_API_1_40" name="AT_verify_userCreation_1to40" time="36.412"/>
  <testcase classname="com.vbrick.apiusercreation.AccountAdmin_UserCreation_API_1_40" name="AT_verify_userCreation_1to40" time="37.437"/>
  <testcase classname="com.vbrick.apiusercreation.AccountAdmin_UserCreation_API_1_40" name="AT_verify_userCreation_1to40" time="42.179"/>
</testsuite> <!-- com.vbrick.apiusercreation.AccountAdmin_UserCreation_API_1_40 -->
