<?xml version="1.0" encoding="UTF-8"?>
<!-- Generated by org.testng.reporters.JUnitReportReporter -->
<testsuite hostname="VA-WIN7QA-01" name="com.vbrick.avenger.videocommentapi_AV_9879_testcases.SendVideoforapprovalAPI" tests="5" failures="0" timestamp="19 Sep 2022 14:55:23 GMT" time="761.274" errors="0">
  <testcase name="TC_01_PUT_SendVideoforApproval_api_check_With_AccountAdmin_Positive" time="164.500" classname="com.vbrick.avenger.videocommentapi_AV_9879_testcases.SendVideoforapprovalAPI"/>
  <testcase name="TC_02_PUT_SendVideoforApproval_api_check_With_Mediaadmin_Positive" time="153.369" classname="com.vbrick.avenger.videocommentapi_AV_9879_testcases.SendVideoforapprovalAPI"/>
  <testcase name="TC_03_PUT_SendVideoforApproval_api_check_With_MediaContributor_Positive" time="159.786" classname="com.vbrick.avenger.videocommentapi_AV_9879_testcases.SendVideoforapprovalAPI"/>
  <testcase name="TC_04_PUT_SendVideoforApproval_api_check_With_EventAdmin_Negative" time="136.487" classname="com.vbrick.avenger.videocommentapi_AV_9879_testcases.SendVideoforapprovalAPI"/>
  <testcase name="TC_05_PUT_SendVideoforApproval_api_check_With_MediaViewer_Negative" time="147.132" classname="com.vbrick.avenger.videocommentapi_AV_9879_testcases.SendVideoforapprovalAPI"/>
</testsuite> <!-- com.vbrick.avenger.videocommentapi_AV_9879_testcases.SendVideoforapprovalAPI -->
