<?xml version="1.0" encoding="UTF-8"?>
<!-- Generated by org.testng.reporters.JUnitReportReporter -->
<testsuite hostname="IN-GudafwRS" failures="0" tests="1" name="com.vbrick.avenger.videocommentapi_AV_9879_testcases.GetEventDetailsApi_Av_10174" time="245.731" errors="0" timestamp="14 Feb 2023 10:34:18 GMT" skipped="0">
  <testcase classname="com.vbrick.avenger.videocommentapi_AV_9879_testcases.GetEventDetailsApi_Av_10174" name="TC_01_GET_EventDetail_api_check_With_AccountAdmin_Positive" time="245.731"/>
</testsuite> <!-- com.vbrick.avenger.videocommentapi_AV_9879_testcases.GetEventDetailsApi_Av_10174 -->
