<?xml version="1.0" encoding="UTF-8"?>
<!-- Generated by org.testng.reporters.JUnitReportReporter -->
<testsuite hostname="VA-WIN7QA-01" name="com.vbrick.avenger.uploadvideoapi_AV_6015_testcases.VideoAccessControlService_AV_10176" tests="5" failures="0" timestamp="19 Sep 2022 14:55:23 GMT" time="561.713" errors="0">
  <testcase name="TC_01_VideoAccessControl_AV10176_api_AccessControl_To_AccountAdmin" time="117.270" classname="com.vbrick.avenger.uploadvideoapi_AV_6015_testcases.VideoAccessControlService_AV_10176"/>
  <testcase name="TC_02_VideoAccessControl_AV10176_api_AccessControl_To_MediaAdmin" time="110.583" classname="com.vbrick.avenger.uploadvideoapi_AV_6015_testcases.VideoAccessControlService_AV_10176"/>
  <testcase name="TC_03_VideoAccessControl_AV10176_api_AccessControl_To_EventAdmin" time="89.028" classname="com.vbrick.avenger.uploadvideoapi_AV_6015_testcases.VideoAccessControlService_AV_10176"/>
  <testcase name="TC_05_VideoAccessControl_AV10176_api_AccessControl_To_MediaViewer" time="116.515" classname="com.vbrick.avenger.uploadvideoapi_AV_6015_testcases.VideoAccessControlService_AV_10176"/>
  <testcase name="TC_04_VideoAccessControl_AV10176_api_AccessControl_To_MediaContributor" time="128.317" classname="com.vbrick.avenger.uploadvideoapi_AV_6015_testcases.VideoAccessControlService_AV_10176"/>
</testsuite> <!-- com.vbrick.avenger.uploadvideoapi_AV_6015_testcases.VideoAccessControlService_AV_10176 -->
