<?xml version="1.0" encoding="UTF-8"?>
<!-- Generated by org.testng.reporters.JUnitReportReporter -->
<testsuite hostname="IN-GudafwRS" failures="0" tests="1" name="com.vbrick.avenger.videocommentapi_AV_9879_testcases.VideoSearchApi_AV_6016" time="113.933" errors="0" timestamp="28 Feb 2023 05:57:10 GMT" skipped="0">
  <testcase classname="com.vbrick.avenger.videocommentapi_AV_9879_testcases.VideoSearchApi_AV_6016" name="TC_14_GET_SearchVideo_api_check_SearchVideo_with_VideoSortWithAsc_AccoutAdmin_Positives" time="113.933"/>
</testsuite> <!-- com.vbrick.avenger.videocommentapi_AV_9879_testcases.VideoSearchApi_AV_6016 -->
