<?xml version="1.0" encoding="UTF-8"?>
<!-- Generated by org.testng.reporters.JUnitReportReporter -->
<testsuite hostname="IN-GudafwRS" failures="0" tests="1" name="com.vbrick.avenger.videocommentapi_AV_9879_testcases.CreateEventApi_Av_9877" time="228.368" errors="0" timestamp="14 Feb 2023 10:15:17 GMT" skipped="0">
  <testcase classname="com.vbrick.avenger.videocommentapi_AV_9879_testcases.CreateEventApi_Av_9877" name="TC_04_POST_CreateEvent_witheventadmin_Private_withallthefields_Positive" time="228.368"/>
</testsuite> <!-- com.vbrick.avenger.videocommentapi_AV_9879_testcases.CreateEventApi_Av_9877 -->
