<?xml version="1.0" encoding="UTF-8"?>
<!-- Generated by org.testng.reporters.JUnitReportReporter -->
<testsuite hostname="VA-WIN7QA-01" name="com.vbrick.avenger.videocommentapi_AV_9879_testcases.SelfProducedEventSource" tests="2" failures="0" timestamp="20 Sep 2022 06:56:55 GMT" time="129.234" errors="0">
  <testcase name="TC_02_POST_CreateEvent_with_VideoSourceType_as_WebcamandScreenShare_WithoutPresenterID_AccoutAdmin_Negative" time="64.462" classname="com.vbrick.avenger.videocommentapi_AV_9879_testcases.SelfProducedEventSource"/>
  <testcase name="TC_03_POST_CreateEvent_with_VideoSourceType_as_WebcamandScreenShare_WithINVALIDPresenterID_AccoutAdmin_Negative" time="64.772" classname="com.vbrick.avenger.videocommentapi_AV_9879_testcases.SelfProducedEventSource"/>
</testsuite> <!-- com.vbrick.avenger.videocommentapi_AV_9879_testcases.SelfProducedEventSource -->
