<?xml version="1.0" encoding="UTF-8"?>
<!-- Generated by org.testng.reporters.JUnitReportReporter -->
<testsuite hostname="IN-GudafwRS" failures="0" tests="1" name="com.vbrick.avenger_contentLinks.DeleteEmbeddedContent_AV28828" time="560.526" errors="0" timestamp="02 Feb 2023 05:59:00 GMT" skipped="0">
  <testcase classname="com.vbrick.avenger_contentLinks.DeleteEmbeddedContent_AV28828" name="TC03_Createanew_DeleteSharedURL_Invalidsharedurlid_Negative_AV28786" time="560.526"/>
</testsuite> <!-- com.vbrick.avenger_contentLinks.DeleteEmbeddedContent_AV28828 -->
