<?xml version="1.0" encoding="UTF-8"?>
<!-- Generated by org.testng.reporters.JUnitReportReporter -->
<testsuite hostname="VA-WIN7QA-01" name="com.vbrick.avenger.uploadvideoapi_AV_6015_testcases.UploadSupplementalFile_AV_10721" tests="8" failures="0" timestamp="19 Sep 2022 14:55:23 GMT" time="873.937" errors="0">
  <testcase name="TC_04_UploadSupplementalFiles_AV10721_Uploading_SupplementalContent_EventAdmin" time="65.664" classname="com.vbrick.avenger.uploadvideoapi_AV_6015_testcases.UploadSupplementalFile_AV_10721"/>
  <testcase name="TC_05_UploadSupplementalFiles_AV10721_Uploading_SupplementalContent_Mediaviewer" time="66.267" classname="com.vbrick.avenger.uploadvideoapi_AV_6015_testcases.UploadSupplementalFile_AV_10721"/>
  <testcase name="TC_07_UploadSupplementalFiles_AV10721_Uploading_SupplementalContent_Mediaviewer_AfterProvidingEditVideoPermission" time="166.694" classname="com.vbrick.avenger.uploadvideoapi_AV_6015_testcases.UploadSupplementalFile_AV_10721"/>
  <testcase name="TC_08_UploadSupplementalFiles_AV10721_Uploading_SupplementalContent_AccountAdmin_InValidFileFormat" time="69.368" classname="com.vbrick.avenger.uploadvideoapi_AV_6015_testcases.UploadSupplementalFile_AV_10721"/>
  <testcase name="TC_03_UploadSupplementalFiles_AV10721_Uploading_SupplementalContent_MediaContributor" time="111.706" classname="com.vbrick.avenger.uploadvideoapi_AV_6015_testcases.UploadSupplementalFile_AV_10721"/>
  <testcase name="TC_06_UploadSupplementalFiles_AV10721_Uploading_SupplementalContent_EventAdmin_AfterProvidingEditVideoPermission" time="171.008" classname="com.vbrick.avenger.uploadvideoapi_AV_6015_testcases.UploadSupplementalFile_AV_10721"/>
  <testcase name="TC_02_UploadSupplementalFiles_AV10721_Uploading_SupplementalContent_Mediaadmin" time="113.743" classname="com.vbrick.avenger.uploadvideoapi_AV_6015_testcases.UploadSupplementalFile_AV_10721"/>
  <testcase name="TC_01_UploadSupplementalFiles_AV10721_Uploading_SupplementalContent_AccountAdmin" time="109.487" classname="com.vbrick.avenger.uploadvideoapi_AV_6015_testcases.UploadSupplementalFile_AV_10721"/>
</testsuite> <!-- com.vbrick.avenger.uploadvideoapi_AV_6015_testcases.UploadSupplementalFile_AV_10721 -->
