<?xml version="1.0" encoding="UTF-8"?>
<!-- Generated by org.testng.reporters.JUnitReportReporter -->
<testsuite hostname="VA-WIN7QA-01" name="com.vbrick.avenger.videocommentapi_AV_9879_testcases.CreateGroupApi_AV_16355" tests="7" failures="0" timestamp="19 Sep 2022 14:55:23 GMT" time="537.487" errors="0">
  <testcase name="TC_07_POST_CreateGroup_With_AllFields_api_check_With_AccountAdmin_Positive" time="95.191" classname="com.vbrick.avenger.videocommentapi_AV_9879_testcases.CreateGroupApi_AV_16355"/>
  <testcase name="TC_04_POST_CreateGroup_api_check_With_EventAdmin_Negative" time="65.714" classname="com.vbrick.avenger.videocommentapi_AV_9879_testcases.CreateGroupApi_AV_16355"/>
  <testcase name="TC_06_POST_CreateGroup_api_withoutgiving_groupname_check_With_AccountAdmin_Negative" time="64.987" classname="com.vbrick.avenger.videocommentapi_AV_9879_testcases.CreateGroupApi_AV_16355"/>
  <testcase name="TC_03_POST_CreateGroup_api_check_With_MediaAdmin_Negative" time="65.015" classname="com.vbrick.avenger.videocommentapi_AV_9879_testcases.CreateGroupApi_AV_16355"/>
  <testcase name="TC_05_POST_CreateGroup_api_check_With_MediaViewer_Negative" time="65.954" classname="com.vbrick.avenger.videocommentapi_AV_9879_testcases.CreateGroupApi_AV_16355"/>
  <testcase name="TC_02_POST_CreateGroup_api_check_With_MediaContributor_Negative" time="65.073" classname="com.vbrick.avenger.videocommentapi_AV_9879_testcases.CreateGroupApi_AV_16355"/>
  <testcase name="TC_01_POST_CreateGroup_api_check_With_AccountAdmin_Positive" time="115.553" classname="com.vbrick.avenger.videocommentapi_AV_9879_testcases.CreateGroupApi_AV_16355"/>
</testsuite> <!-- com.vbrick.avenger.videocommentapi_AV_9879_testcases.CreateGroupApi_AV_16355 -->
