<?xml version="1.0" encoding="UTF-8"?>
<!-- Generated by org.testng.reporters.JUnitReportReporter -->
<testsuite hostname="IN-GudafwRS" failures="0" tests="1" name="com.vbrick.avenger.videocommentapi_AV_9879_testcases.GetVideoCount_AV_28357" time="271.776" errors="0" timestamp="21 Feb 2023 05:27:56 GMT" skipped="0">
  <testcase classname="com.vbrick.avenger.videocommentapi_AV_9879_testcases.GetVideoCount_AV_28357" name="TC_04_Get_VideoCount_With_GetChannelForUser_api_check_with_MediaViewer_HavingOnlyViewAccess_Positive" time="271.776"/>
</testsuite> <!-- com.vbrick.avenger.videocommentapi_AV_9879_testcases.GetVideoCount_AV_28357 -->
