<?xml version="1.0" encoding="UTF-8"?>
<!-- Generated by org.testng.reporters.JUnitReportReporter -->
<testsuite hostname="IN-GudafwRS" failures="0" tests="1" name="com.vbrick.avenger.mobileappsupport.GetChannelHeaderDetailsAPI_AV_27928" time="126.408" errors="0" timestamp="02 Feb 2023 07:26:50 GMT" skipped="0">
  <testcase classname="com.vbrick.avenger.mobileappsupport.GetChannelHeaderDetailsAPI_AV_27928" name="TC_01_GET_Team_BGcolor_FontColor_AccountAdmin_Positive" time="126.408"/>
</testsuite> <!-- com.vbrick.avenger.mobileappsupport.GetChannelHeaderDetailsAPI_AV_27928 -->
