<?xml version="1.0" encoding="UTF-8"?>
<!-- Generated by org.testng.reporters.JUnitReportReporter -->
<testsuite hostname="IN-GudafwRS" failures="0" tests="1" name="com.vbrick.avenger.videocommentapi_AV_9879_testcases.GetVideoThumbnail_AV_28062" time="169.647" errors="0" timestamp="23 Feb 2023 06:30:17 GMT" skipped="0">
  <testcase classname="com.vbrick.avenger.videocommentapi_AV_9879_testcases.GetVideoThumbnail_AV_28062" name="TC_02_GET_GetVideoThumbnailAPI_api_check_with_AccountAdmin_Positive_UploadedImage" time="169.647"/>
</testsuite> <!-- com.vbrick.avenger.videocommentapi_AV_9879_testcases.GetVideoThumbnail_AV_28062 -->
