<?xml version="1.0" encoding="UTF-8"?>
<!-- Generated by org.testng.reporters.JUnitReportReporter -->
<testsuite hostname="IN-GudafwRS" failures="1" tests="1" name="com.vbrick.avenger.videocommentapi_AV_9879_testcases.GetVideoReportApi" time="278.840" errors="0" timestamp="09 Feb 2023 10:18:25 GMT" skipped="0">
  <testcase classname="com.vbrick.avenger.videocommentapi_AV_9879_testcases.GetVideoReportApi" name="TC08_GET_VideoReport_API_WhenCompletevideo_IsPlayed_withQueryparams_videoIds_assertwithviewingtime_Positive" time="278.840">
    <failure message="FAIL" type="com.vbrick.Exception.Reasons">
      <![CDATA[com.vbrick.Exception.Reasons: FAIL
	at com.vbrick.Exception.CustomReport.checkinglist(CustomReport.java:390)
	at com.vbrick.avenger.videocommentapi_AV_9879_testcases.GetVideoReportApi.TC08_GET_VideoReport_API_WhenCompletevideo_IsPlayed_withQueryparams_videoIds_assertwithviewingtime_Positive(GetVideoReportApi.java:626)
	at java.base/jdk.internal.reflect.DirectMethodHandleAccessor.invoke(DirectMethodHandleAccessor.java:104)
	at java.base/java.lang.reflect.Method.invoke(Method.java:577)
	at org.testng.internal.MethodInvocationHelper.invokeMethod(MethodInvocationHelper.java:108)
	at org.testng.internal.Invoker.invokeMethod(Invoker.java:661)
	at org.testng.internal.Invoker.invokeTestMethod(Invoker.java:869)
	at org.testng.internal.Invoker.invokeTestMethods(Invoker.java:1193)
	at org.testng.internal.TestMethodWorker.invokeTestMethods(TestMethodWorker.java:126)
	at org.testng.internal.TestMethodWorker.run(TestMethodWorker.java:109)
	at org.testng.TestRunner.privateRun(TestRunner.java:744)
	at org.testng.TestRunner.run(TestRunner.java:602)
	at org.testng.SuiteRunner.runTest(SuiteRunner.java:380)
	at org.testng.SuiteRunner.runSequentially(SuiteRunner.java:375)
	at org.testng.SuiteRunner.privateRun(SuiteRunner.java:340)
	at org.testng.SuiteRunner.run(SuiteRunner.java:289)
	at org.testng.SuiteRunnerWorker.runSuite(SuiteRunnerWorker.java:52)
	at org.testng.SuiteRunnerWorker.run(SuiteRunnerWorker.java:86)
	at org.testng.TestNG.runSuitesSequentially(TestNG.java:1301)
	at org.testng.TestNG.runSuitesLocally(TestNG.java:1226)
	at org.testng.TestNG.runSuites(TestNG.java:1144)
	at org.testng.TestNG.run(TestNG.java:1115)
	at org.testng.remote.AbstractRemoteTestNG.run(AbstractRemoteTestNG.java:115)
	at org.testng.remote.RemoteTestNG.initAndRun(RemoteTestNG.java:251)
	at org.testng.remote.RemoteTestNG.main(RemoteTestNG.java:77)
]]>
    </failure>
  </testcase> <!-- TC08_GET_VideoReport_API_WhenCompletevideo_IsPlayed_withQueryparams_videoIds_assertwithviewingtime_Positive -->
</testsuite> <!-- com.vbrick.avenger.videocommentapi_AV_9879_testcases.GetVideoReportApi -->
