<?xml version="1.0" encoding="UTF-8"?>
<!-- Generated by org.testng.reporters.JUnitReportReporter -->
<testsuite hostname="IN-GudafwRS" failures="0" tests="1" name="com.vbrick.avenger.videocommentapi_AV_9879_testcases.DeleteBackgroundImage_AV18674" time="338.421" errors="0" timestamp="08 Feb 2023 06:41:59 GMT" skipped="0">
  <testcase classname="com.vbrick.avenger.videocommentapi_AV_9879_testcases.DeleteBackgroundImage_AV18674" name="TC_04_Delete_backgroundimage_ofapublicwebcast_with_mediaContributor_Positive" time="338.421"/>
</testsuite> <!-- com.vbrick.avenger.videocommentapi_AV_9879_testcases.DeleteBackgroundImage_AV18674 -->
