<?xml version="1.0" encoding="UTF-8"?>
<!-- Generated by org.testng.reporters.JUnitReportReporter -->
<testsuite hostname="IN-GudafwRS" failures="0" tests="15" name="com.vbrick.avenger.videocommentapi_AV_9879_testcases.VideoPlayBackURLAPI_AV_6035" time="1705.133" errors="0" timestamp="01 Feb 2023 06:56:54 GMT" skipped="0">
  <testcase classname="com.vbrick.avenger.videocommentapi_AV_9879_testcases.VideoPlayBackURLAPI_AV_6035" name="TC_03_GET_VideoPlayBackURLAPI_api_check_with_MediaViewer_PrivateVideo_bygivingaccess_Positive" time="272.653"/>
  <testcase classname="com.vbrick.avenger.videocommentapi_AV_9879_testcases.VideoPlayBackURLAPI_AV_6035" name="TC_09_GET_VideoPlayBackURLAPI_api_check_with_AccountAdmin_InValidVideo_Negative" time="64.352"/>
  <testcase classname="com.vbrick.avenger.videocommentapi_AV_9879_testcases.VideoPlayBackURLAPI_AV_6035" name="TC_01_GET_VideoPlayBackURLAPI_api_check_with_AccountAdmin_Positive" time="126.050"/>
  <testcase classname="com.vbrick.avenger.videocommentapi_AV_9879_testcases.VideoPlayBackURLAPI_AV_6035" name="TC_07_GET_VideoPlayBackURLAPI_api_check_with_AccountAdmin_AllUsers_Positive" time="246.052"/>
  <testcase classname="com.vbrick.avenger.videocommentapi_AV_9879_testcases.VideoPlayBackURLAPI_AV_6035" name="TC_10_GET_VideoPlayBackURLAPI_api_check_with_EventAdmin_Public_Positive" time="95.070"/>
  <testcase classname="com.vbrick.avenger.videocommentapi_AV_9879_testcases.VideoPlayBackURLAPI_AV_6035" name="TC_08_GET_VideoPlayBackURLAPI_api_check_with_MediaViewer_Public_Positive" time="95.200"/>
  <testcase classname="com.vbrick.avenger.videocommentapi_AV_9879_testcases.VideoPlayBackURLAPI_AV_6035" name="TC_05_GET_VideoPlayBackURLAPI_api_check_with_AccountAdmin_PrivateVideo_Positive" time="94.073"/>
  <testcase classname="com.vbrick.avenger.videocommentapi_AV_9879_testcases.VideoPlayBackURLAPI_AV_6035" name="TC_04_GET_VideoPlayBackURLAPI_api_check_with_MediaContributor_Positive" time="113.065"/>
  <testcase classname="com.vbrick.avenger.videocommentapi_AV_9879_testcases.VideoPlayBackURLAPI_AV_6035" name="TC_02_GET_VideoPlayBackURLAPI_api_check_with_MediaAdmin_Positive" time="90.565"/>
  <testcase classname="com.vbrick.avenger.videocommentapi_AV_9879_testcases.VideoPlayBackURLAPI_AV_6035" name="TC_06_GET_VideoPlayBackURLAPI_api_check_with_EventHost_AllUsers_Positive" time="93.082"/>
  <testcase classname="com.vbrick.avenger.videocommentapi_AV_9879_testcases.VideoPlayBackURLAPI_AV_6035" name="TC_14_GET_VideoPlayBackURLAPI_check_with_MediaAdmin_TeamsVideo_MAaddedtogroup_havingteamadminaccess_Positive" time="92.299"/>
  <testcase classname="com.vbrick.avenger.videocommentapi_AV_9879_testcases.VideoPlayBackURLAPI_AV_6035" name="TC_12_GET_VideoPlayBackURLAPI_api_check_with_MediaContributor_AllUsers_Positive" time="99.768"/>
  <testcase classname="com.vbrick.avenger.videocommentapi_AV_9879_testcases.VideoPlayBackURLAPI_AV_6035" name="TC_15_GET_VideoPlayBackURLAPI_api_check_with_MediaContributor_TeamsVideo_Negative" time="65.505"/>
  <testcase classname="com.vbrick.avenger.videocommentapi_AV_9879_testcases.VideoPlayBackURLAPI_AV_6035" name="TC_11_GET_VideoPlayBackURLAPI_api_check_with_EventAdmin_Negative" time="64.780"/>
  <testcase classname="com.vbrick.avenger.videocommentapi_AV_9879_testcases.VideoPlayBackURLAPI_AV_6035" name="TC_13_GET_VideoPlayBackURLAPI_api_check_with_AccountAdmin_userasteamcontributor_TeamsVideo_Positive" time="92.619"/>
</testsuite> <!-- com.vbrick.avenger.videocommentapi_AV_9879_testcases.VideoPlayBackURLAPI_AV_6035 -->
