<?xml version="1.0" encoding="UTF-8"?>
<!-- Generated by org.testng.reporters.JUnitReportReporter -->
<testsuite hostname="VA-WIN7QA-01" name="com.vbrick.avenger.videocommentapi_AV_9879_testcases.UpdateVideoComments" tests="7" failures="0" timestamp="19 Sep 2022 14:55:23 GMT" time="194.674" errors="0">
  <testcase name="TC_05_POST_UpdateVideosCommentsAPI_api_check_on_behalf_of_anotheruser_Positive" time="33.150" classname="com.vbrick.avenger.videocommentapi_AV_9879_testcases.UpdateVideoComments"/>
  <testcase name="TC_04_POST_UpdateVideosCommentsAPI_api_check_with_MediaViewer_Negative" time="11.838" classname="com.vbrick.avenger.videocommentapi_AV_9879_testcases.UpdateVideoComments"/>
  <testcase name="TC_02_POST_UpdateVideosCommentsAPI_InvalidVideoID_check_with_AccountAdmins_Negative" time="9.771" classname="com.vbrick.avenger.videocommentapi_AV_9879_testcases.UpdateVideoComments"/>
  <testcase name="TC_07_POST_UpdateVideosCommentsAPI_api_adding_a_Childcomment_to_a_video_AccountAdmins_Positive" time="40.664" classname="com.vbrick.avenger.videocommentapi_AV_9879_testcases.UpdateVideoComments"/>
  <testcase name="TC_03_POST_UpdateVideosCommentsAPI_api_check_with_MediaViewer_Positive" time="15.550" classname="com.vbrick.avenger.videocommentapi_AV_9879_testcases.UpdateVideoComments"/>
  <testcase name="TC_06_POST_UpdateVideosCommentsAPI_api_adding_a_Childcomment_INVALID_CommentID_AccountAdmins_Negative" time="8.762" classname="com.vbrick.avenger.videocommentapi_AV_9879_testcases.UpdateVideoComments"/>
  <testcase name="TC_01_POST_UpdateVideosCommentsAPI_api_check_with_AccountAdmins_Positive" time="74.939" classname="com.vbrick.avenger.videocommentapi_AV_9879_testcases.UpdateVideoComments"/>
</testsuite> <!-- com.vbrick.avenger.videocommentapi_AV_9879_testcases.UpdateVideoComments -->
