<?xml version="1.0" encoding="UTF-8"?>
<!-- Generated by org.testng.reporters.JUnitReportReporter -->
<testsuite hostname="VA-WIN7QA-01" name="com.vbrick.avenger.videocommentapi_AV_9879_testcases.GetExpirationRulesAPI_AV_28681" tests="1" failures="0" timestamp="26 Sep 2022 12:24:44 GMT" time="49.881" errors="0">
  <testcase name="TC_02_GET_ExpirationRule_with_AccoutAdmin_Positive" time="49.881" classname="com.vbrick.avenger.videocommentapi_AV_9879_testcases.GetExpirationRulesAPI_AV_28681"/>
</testsuite> <!-- com.vbrick.avenger.videocommentapi_AV_9879_testcases.GetExpirationRulesAPI_AV_28681 -->
