<?xml version="1.0" encoding="UTF-8"?>
<!-- Generated by org.testng.reporters.JUnitReportReporter -->
<testsuite hostname="IN-GudafwRS" failures="0" tests="1" name="com.vbrick.avenger.videocommentapi_AV_9879_testcases.VideoListApi_AV_8831" time="136.918" errors="0" timestamp="22 Feb 2023 04:15:05 GMT" skipped="0">
  <testcase classname="com.vbrick.avenger.videocommentapi_AV_9879_testcases.VideoListApi_AV_8831" name="TC_05_GET_VideoList_api_check_VideoList_with_MediaContributor_Positive" time="136.918"/>
</testsuite> <!-- com.vbrick.avenger.videocommentapi_AV_9879_testcases.VideoListApi_AV_8831 -->
