<?xml version="1.0" encoding="UTF-8"?>
<!-- Generated by org.testng.reporters.JUnitReportReporter -->
<testsuite hostname="IN-GudafwRS" failures="0" tests="1" name="com.vbrick.avenger.delete_unwanted_data_UI.DeleteAllChannels" time="1672.932" errors="0" timestamp="31 Jan 2023 16:52:46 GMT" skipped="0">
  <testcase classname="com.vbrick.avenger.delete_unwanted_data_UI.DeleteAllChannels" name="TC_01_Deleting_All_Channels_From_UI" time="1672.932"/>
</testsuite> <!-- com.vbrick.avenger.delete_unwanted_data_UI.DeleteAllChannels -->
