<?xml version="1.0" encoding="UTF-8"?>
<!-- Generated by org.testng.reporters.JUnitReportReporter -->
<testsuite hostname="IN-GudafwRS" failures="0" tests="1" name="com.vbrick.avenger.uploadvideoapi_AV_6015_testcases.EditVideos_AV_10124" time="161.451" errors="0" timestamp="07 Feb 2023 18:26:31 GMT" skipped="0">
  <testcase classname="com.vbrick.avenger.uploadvideoapi_AV_6015_testcases.EditVideos_AV_10124" name="TC_03_PUT_EditVideosAPI_AV10124_ValidData_With_VideoStatusTrueToFalse" time="161.451"/>
</testsuite> <!-- com.vbrick.avenger.uploadvideoapi_AV_6015_testcases.EditVideos_AV_10124 -->
