<?xml version="1.0" encoding="UTF-8"?>
<!-- Generated by org.testng.reporters.JUnitReportReporter -->
<testsuite hostname="VA-WIN7QA-01" name="com.vbrick.avenger.createuserapi_AV_9874_testcases.LoginUserAPI_9874" tests="18" failures="0" timestamp="19 Sep 2022 14:55:23 GMT" time="1267.445" errors="0">
  <testcase name="TC_03_POST_UserLogin_As_AllusersInvalidPassword_Negative" time="64.862" classname="com.vbrick.avenger.createuserapi_AV_9874_testcases.LoginUserAPI_9874"/>
  <testcase name="TC_03_POST_UserLogin_As_AllusersInvalidPassword_Negative" time="64.950" classname="com.vbrick.avenger.createuserapi_AV_9874_testcases.LoginUserAPI_9874"/>
  <testcase name="TC_01_POST_UserLogin_As_AccountAdmin_Postive" time="80.848" classname="com.vbrick.avenger.createuserapi_AV_9874_testcases.LoginUserAPI_9874"/>
  <testcase name="TC_03_POST_UserLogin_As_AllusersInvalidPassword_Negative" time="66.793" classname="com.vbrick.avenger.createuserapi_AV_9874_testcases.LoginUserAPI_9874"/>
  <testcase name="TC_02_POST_UserLogin_As_AllusersInvalidUserName_Negative" time="66.683" classname="com.vbrick.avenger.createuserapi_AV_9874_testcases.LoginUserAPI_9874"/>
  <testcase name="TC_02_POST_UserLogin_As_AllusersInvalidUserName_Negative" time="64.137" classname="com.vbrick.avenger.createuserapi_AV_9874_testcases.LoginUserAPI_9874"/>
  <testcase name="TC_02_POST_UserLogin_As_AllusersInvalidUserName_Negative" time="64.945" classname="com.vbrick.avenger.createuserapi_AV_9874_testcases.LoginUserAPI_9874"/>
  <testcase name="TC_02_POST_UserLogin_As_AllusersInvalidUserName_Negative" time="64.737" classname="com.vbrick.avenger.createuserapi_AV_9874_testcases.LoginUserAPI_9874"/>
  <testcase name="TC_03_POST_UserLogin_As_AllusersInvalidPassword_Negative" time="66.392" classname="com.vbrick.avenger.createuserapi_AV_9874_testcases.LoginUserAPI_9874"/>
  <testcase name="TC_03_POST_UserLogin_As_AllusersInvalidPassword_Negative" time="64.448" classname="com.vbrick.avenger.createuserapi_AV_9874_testcases.LoginUserAPI_9874"/>
  <testcase name="TC_01_POST_UserLogin_As_AccountAdmin_Postive" time="79.225" classname="com.vbrick.avenger.createuserapi_AV_9874_testcases.LoginUserAPI_9874"/>
  <testcase name="TC_03_POST_UserLogin_As_AllusersInvalidPassword_Negative" time="70.681" classname="com.vbrick.avenger.createuserapi_AV_9874_testcases.LoginUserAPI_9874"/>
  <testcase name="TC_01_POST_UserLogin_As_AccountAdmin_Postive" time="80.060" classname="com.vbrick.avenger.createuserapi_AV_9874_testcases.LoginUserAPI_9874"/>
  <testcase name="TC_01_POST_UserLogin_As_AccountAdmin_Postive" time="76.345" classname="com.vbrick.avenger.createuserapi_AV_9874_testcases.LoginUserAPI_9874"/>
  <testcase name="TC_02_POST_UserLogin_As_AllusersInvalidUserName_Negative" time="65.169" classname="com.vbrick.avenger.createuserapi_AV_9874_testcases.LoginUserAPI_9874"/>
  <testcase name="TC_01_POST_UserLogin_As_AccountAdmin_Postive" time="77.024" classname="com.vbrick.avenger.createuserapi_AV_9874_testcases.LoginUserAPI_9874"/>
  <testcase name="TC_01_POST_UserLogin_As_AccountAdmin_Postive" time="83.953" classname="com.vbrick.avenger.createuserapi_AV_9874_testcases.LoginUserAPI_9874"/>
  <testcase name="TC_02_POST_UserLogin_As_AllusersInvalidUserName_Negative" time="66.193" classname="com.vbrick.avenger.createuserapi_AV_9874_testcases.LoginUserAPI_9874"/>
</testsuite> <!-- com.vbrick.avenger.createuserapi_AV_9874_testcases.LoginUserAPI_9874 -->
