<?xml version="1.0" encoding="UTF-8"?>
<!-- Generated by org.testng.reporters.JUnitReportReporter -->
<testsuite hostname="VA-WIN7QA-01" name="com.vbrick.avenger.videocommentapi_AV_9879_testcases.GetCategoryListApi_Av_9656" tests="6" failures="0" timestamp="19 Sep 2022 14:55:23 GMT" time="586.896" errors="0">
  <testcase name="TC_02_GET_CategoryList_api_check_With_MediaAdmin_Positive" time="104.814" classname="com.vbrick.avenger.videocommentapi_AV_9879_testcases.GetCategoryListApi_Av_9656"/>
  <testcase name="TC_06_GET_CategoryList_api_check_With_EventHost_Positive" time="94.137" classname="com.vbrick.avenger.videocommentapi_AV_9879_testcases.GetCategoryListApi_Av_9656"/>
  <testcase name="TC_01_GET_CategoryList_api_check_With_AccountAdmin_Positive" time="99.782" classname="com.vbrick.avenger.videocommentapi_AV_9879_testcases.GetCategoryListApi_Av_9656"/>
  <testcase name="TC_04_GET_CategoryList_api_check_With_MediaContributor_Positive" time="92.208" classname="com.vbrick.avenger.videocommentapi_AV_9879_testcases.GetCategoryListApi_Av_9656"/>
  <testcase name="TC_03_GET_CategoryList_api_check_With_EventAdmin_Positive" time="97.217" classname="com.vbrick.avenger.videocommentapi_AV_9879_testcases.GetCategoryListApi_Av_9656"/>
  <testcase name="TC_05_GET_CategoryList_api_check_With_MediaViewer_Positive" time="98.738" classname="com.vbrick.avenger.videocommentapi_AV_9879_testcases.GetCategoryListApi_Av_9656"/>
</testsuite> <!-- com.vbrick.avenger.videocommentapi_AV_9879_testcases.GetCategoryListApi_Av_9656 -->
