<?xml version="1.0" encoding="UTF-8"?>
<!-- Generated by org.testng.reporters.JUnitReportReporter -->
<testsuite hostname="IN-GudafwRS" failures="0" tests="56" name="com.vbrick.apiusercreation.EventAdmin_UserCreation_API_1_40" time="2531.116" errors="0" timestamp="13 Feb 2023 11:10:24 GMT" skipped="0">
  <testcase classname="com.vbrick.apiusercreation.EventAdmin_UserCreation_API_1_40" name="AT_verify_userCreation_1to40" time="38.569"/>
  <testcase classname="com.vbrick.apiusercreation.EventAdmin_UserCreation_API_1_40" name="AT_verify_userCreation_1to40" time="45.484"/>
  <testcase classname="com.vbrick.apiusercreation.EventAdmin_UserCreation_API_1_40" name="AT_verify_userCreation_1to40" time="39.240"/>
  <testcase classname="com.vbrick.apiusercreation.EventAdmin_UserCreation_API_1_40" name="AT_verify_userCreation_1to40" time="39.150"/>
  <testcase classname="com.vbrick.apiusercreation.EventAdmin_UserCreation_API_1_40" name="AT_verify_userCreation_1to40" time="39.197"/>
  <testcase classname="com.vbrick.apiusercreation.EventAdmin_UserCreation_API_1_40" name="AT_verify_userCreation_1to40" time="43.247"/>
  <testcase classname="com.vbrick.apiusercreation.EventAdmin_UserCreation_API_1_40" name="AT_verify_userCreation_1to40" time="55.370"/>
  <testcase classname="com.vbrick.apiusercreation.EventAdmin_UserCreation_API_1_40" name="AT_verify_userCreation_1to40" time="39.318"/>
  <testcase classname="com.vbrick.apiusercreation.EventAdmin_UserCreation_API_1_40" name="AT_verify_userCreation_1to40" time="39.233"/>
  <testcase classname="com.vbrick.apiusercreation.EventAdmin_UserCreation_API_1_40" name="AT_verify_userCreation_1to40" time="44.344"/>
  <testcase classname="com.vbrick.apiusercreation.EventAdmin_UserCreation_API_1_40" name="AT_verify_userCreation_1to40" time="42.749"/>
  <testcase classname="com.vbrick.apiusercreation.EventAdmin_UserCreation_API_1_40" name="AT_verify_userCreation_1to40" time="38.759"/>
  <testcase classname="com.vbrick.apiusercreation.EventAdmin_UserCreation_API_1_40" name="AT_verify_userCreation_1to40" time="40.078"/>
  <testcase classname="com.vbrick.apiusercreation.EventAdmin_UserCreation_API_1_40" name="AT_verify_userCreation_1to40" time="44.587"/>
  <testcase classname="com.vbrick.apiusercreation.EventAdmin_UserCreation_API_1_40" name="AT_verify_userCreation_1to40" time="45.004"/>
  <testcase classname="com.vbrick.apiusercreation.EventAdmin_UserCreation_API_1_40" name="AT_verify_userCreation_1to40" time="148.176"/>
  <testcase classname="com.vbrick.apiusercreation.EventAdmin_UserCreation_API_1_40" name="AT_verify_userCreation_1to40" time="39.801"/>
  <testcase classname="com.vbrick.apiusercreation.EventAdmin_UserCreation_API_1_40" name="AT_verify_userCreation_1to40" time="38.998"/>
  <testcase classname="com.vbrick.apiusercreation.EventAdmin_UserCreation_API_1_40" name="AT_verify_userCreation_1to40" time="39.716"/>
  <testcase classname="com.vbrick.apiusercreation.EventAdmin_UserCreation_API_1_40" name="AT_verify_userCreation_1to40" time="40.954"/>
  <testcase classname="com.vbrick.apiusercreation.EventAdmin_UserCreation_API_1_40" name="AT_verify_userCreation_1to40" time="51.532"/>
  <testcase classname="com.vbrick.apiusercreation.EventAdmin_UserCreation_API_1_40" name="AT_verify_userCreation_1to40" time="39.316"/>
  <testcase classname="com.vbrick.apiusercreation.EventAdmin_UserCreation_API_1_40" name="AT_verify_userCreation_1to40" time="70.821"/>
  <testcase classname="com.vbrick.apiusercreation.EventAdmin_UserCreation_API_1_40" name="AT_verify_userCreation_1to40" time="39.611"/>
  <testcase classname="com.vbrick.apiusercreation.EventAdmin_UserCreation_API_1_40" name="AT_verify_userCreation_1to40" time="40.440"/>
  <testcase classname="com.vbrick.apiusercreation.EventAdmin_UserCreation_API_1_40" name="AT_verify_userCreation_1to40" time="38.620"/>
  <testcase classname="com.vbrick.apiusercreation.EventAdmin_UserCreation_API_1_40" name="AT_verify_userCreation_1to40" time="40.155"/>
  <testcase classname="com.vbrick.apiusercreation.EventAdmin_UserCreation_API_1_40" name="AT_verify_userCreation_1to40" time="39.592"/>
  <testcase classname="com.vbrick.apiusercreation.EventAdmin_UserCreation_API_1_40" name="AT_verify_userCreation_1to40" time="42.773"/>
  <testcase classname="com.vbrick.apiusercreation.EventAdmin_UserCreation_API_1_40" name="AT_verify_userCreation_1to40" time="56.864"/>
  <testcase classname="com.vbrick.apiusercreation.EventAdmin_UserCreation_API_1_40" name="AT_verify_userCreation_1to40" time="40.386"/>
  <testcase classname="com.vbrick.apiusercreation.EventAdmin_UserCreation_API_1_40" name="AT_verify_userCreation_1to40" time="39.414"/>
  <testcase classname="com.vbrick.apiusercreation.EventAdmin_UserCreation_API_1_40" name="AT_verify_userCreation_1to40" time="57.931"/>
  <testcase classname="com.vbrick.apiusercreation.EventAdmin_UserCreation_API_1_40" name="AT_verify_userCreation_1to40" time="39.598"/>
  <testcase classname="com.vbrick.apiusercreation.EventAdmin_UserCreation_API_1_40" name="AT_verify_userCreation_1to40" time="39.036"/>
  <testcase classname="com.vbrick.apiusercreation.EventAdmin_UserCreation_API_1_40" name="AT_verify_userCreation_1to40" time="39.611"/>
  <testcase classname="com.vbrick.apiusercreation.EventAdmin_UserCreation_API_1_40" name="AT_verify_userCreation_1to40" time="41.009"/>
  <testcase classname="com.vbrick.apiusercreation.EventAdmin_UserCreation_API_1_40" name="AT_verify_userCreation_1to40" time="38.848"/>
  <testcase classname="com.vbrick.apiusercreation.EventAdmin_UserCreation_API_1_40" name="AT_verify_userCreation_1to40" time="42.628"/>
  <testcase classname="com.vbrick.apiusercreation.EventAdmin_UserCreation_API_1_40" name="AT_verify_userCreation_1to40" time="38.584"/>
  <testcase classname="com.vbrick.apiusercreation.EventAdmin_UserCreation_API_1_40" name="AT_verify_userCreation_1to40" time="46.794"/>
  <testcase classname="com.vbrick.apiusercreation.EventAdmin_UserCreation_API_1_40" name="AT_verify_userCreation_1to40" time="43.052"/>
  <testcase classname="com.vbrick.apiusercreation.EventAdmin_UserCreation_API_1_40" name="AT_verify_userCreation_1to40" time="76.636"/>
  <testcase classname="com.vbrick.apiusercreation.EventAdmin_UserCreation_API_1_40" name="AT_verify_userCreation_1to40" time="39.183"/>
  <testcase classname="com.vbrick.apiusercreation.EventAdmin_UserCreation_API_1_40" name="AT_verify_userCreation_1to40" time="42.993"/>
  <testcase classname="com.vbrick.apiusercreation.EventAdmin_UserCreation_API_1_40" name="AT_verify_userCreation_1to40" time="38.817"/>
  <testcase classname="com.vbrick.apiusercreation.EventAdmin_UserCreation_API_1_40" name="AT_verify_userCreation_1to40" time="37.972"/>
  <testcase classname="com.vbrick.apiusercreation.EventAdmin_UserCreation_API_1_40" name="AT_verify_userCreation_1to40" time="37.972"/>
  <testcase classname="com.vbrick.apiusercreation.EventAdmin_UserCreation_API_1_40" name="AT_verify_userCreation_1to40" time="39.705"/>
  <testcase classname="com.vbrick.apiusercreation.EventAdmin_UserCreation_API_1_40" name="AT_verify_userCreation_1to40" time="44.019"/>
  <testcase classname="com.vbrick.apiusercreation.EventAdmin_UserCreation_API_1_40" name="AT_verify_userCreation_1to40" time="41.570"/>
  <testcase classname="com.vbrick.apiusercreation.EventAdmin_UserCreation_API_1_40" name="AT_verify_userCreation_1to40" time="40.693"/>
  <testcase classname="com.vbrick.apiusercreation.EventAdmin_UserCreation_API_1_40" name="AT_verify_userCreation_1to40" time="56.882"/>
  <testcase classname="com.vbrick.apiusercreation.EventAdmin_UserCreation_API_1_40" name="AT_verify_userCreation_1to40" time="38.766"/>
  <testcase classname="com.vbrick.apiusercreation.EventAdmin_UserCreation_API_1_40" name="AT_verify_userCreation_1to40" time="38.213"/>
  <testcase classname="com.vbrick.apiusercreation.EventAdmin_UserCreation_API_1_40" name="AT_verify_userCreation_1to40" time="49.106"/>
</testsuite> <!-- com.vbrick.apiusercreation.EventAdmin_UserCreation_API_1_40 -->
