<?xml version="1.0" encoding="UTF-8"?>
<!-- Generated by org.testng.reporters.JUnitReportReporter -->
<testsuite hostname="VA-WIN7QA-01" name="com.vbrick.avenger.createuserapi_AV_9874_testcases.CreateUserAPI_AV_9874" tests="14" failures="0" timestamp="19 Sep 2022 14:55:23 GMT" time="1429.017" errors="0">
  <testcase name="TC_14_POST_Create_Media_Viewer_User_withallthefields_Postive" time="116.700" classname="com.vbrick.avenger.createuserapi_AV_9874_testcases.CreateUserAPI_AV_9874"/>
  <testcase name="TC_11_POST_ContactEmail_with_Blank_ContactEmail_Positive" time="71.360" classname="com.vbrick.avenger.createuserapi_AV_9874_testcases.CreateUserAPI_AV_9874"/>
  <testcase name="TC_09_POST_CreateUser_with_Blank_UserName_Negative" time="67.368" classname="com.vbrick.avenger.createuserapi_AV_9874_testcases.CreateUserAPI_AV_9874"/>
  <testcase name="TC_07_POST_Create_Account_Admin_User_withallthefields_Postive" time="119.848" classname="com.vbrick.avenger.createuserapi_AV_9874_testcases.CreateUserAPI_AV_9874"/>
  <testcase name="TC_12_POST_Create_Media_Viewer_User_withmediadmincredentials_Postive" time="66.314" classname="com.vbrick.avenger.createuserapi_AV_9874_testcases.CreateUserAPI_AV_9874"/>
  <testcase name="TC_01_POST_Create_Account_Adminuser_withonlymandatoryfields_Postive" time="125.778" classname="com.vbrick.avenger.createuserapi_AV_9874_testcases.CreateUserAPI_AV_9874"/>
  <testcase name="TC_10_POST_LastName_with_Blank_LastName_Negative" time="66.658" classname="com.vbrick.avenger.createuserapi_AV_9874_testcases.CreateUserAPI_AV_9874"/>
  <testcase name="TC_02_POST_Create_User_withoutrole_withonlymandatoryfields_Postive" time="123.206" classname="com.vbrick.avenger.createuserapi_AV_9874_testcases.CreateUserAPI_AV_9874"/>
  <testcase name="TC_06_POST_Create_Media_Viewer_User_withonlymandatoryfields_Postive" time="120.799" classname="com.vbrick.avenger.createuserapi_AV_9874_testcases.CreateUserAPI_AV_9874"/>
  <testcase name="TC_05_POST_Create_Media_Contributor_User_withexistingemailid_Negative" time="63.974" classname="com.vbrick.avenger.createuserapi_AV_9874_testcases.CreateUserAPI_AV_9874"/>
  <testcase name="TC_04_POST_Create_Event_Host_User_withonlymandatoryfields_Postive" time="120.206" classname="com.vbrick.avenger.createuserapi_AV_9874_testcases.CreateUserAPI_AV_9874"/>
  <testcase name="TC_03_POST_Create_Event_Admin_User_withmandatoryfields_Postive" time="127.873" classname="com.vbrick.avenger.createuserapi_AV_9874_testcases.CreateUserAPI_AV_9874"/>
  <testcase name="TC_13_POST_Create_Event_Host_User_withallthefields_Postive" time="117.552" classname="com.vbrick.avenger.createuserapi_AV_9874_testcases.CreateUserAPI_AV_9874"/>
  <testcase name="TC_08_POST_Create_Account_Admin_User_withallthefields_langasgerman_Postive" time="121.381" classname="com.vbrick.avenger.createuserapi_AV_9874_testcases.CreateUserAPI_AV_9874"/>
</testsuite> <!-- com.vbrick.avenger.createuserapi_AV_9874_testcases.CreateUserAPI_AV_9874 -->
