<?xml version="1.0" encoding="UTF-8"?>
<!-- Generated by org.testng.reporters.JUnitReportReporter -->
<testsuite hostname="IN-GudafwRS" failures="0" tests="1" name="com.vbrick.avenger.videocommentapi_AV_9879_testcases.UserVideoCompletation_AV_9131" time="309.571" errors="0" timestamp="14 Feb 2023 13:04:46 GMT" skipped="0">
  <testcase classname="com.vbrick.avenger.videocommentapi_AV_9879_testcases.UserVideoCompletation_AV_9131" name="TC_01_GET_UserVideoCompletation_api_check_with_AccoutAdmin_Positive" time="309.571"/>
</testsuite> <!-- com.vbrick.avenger.videocommentapi_AV_9879_testcases.UserVideoCompletation_AV_9131 -->
