<?xml version="1.0" encoding="UTF-8"?>
<!-- Generated by org.testng.reporters.JUnitReportReporter -->
<testsuite hostname="IN-GudafwRS" failures="0" tests="6" name="com.vbrick.apiusercreation.APIEnvSetup" time="327.615" errors="0" timestamp="13 Feb 2023 09:48:32 GMT" skipped="0">
  <testcase classname="com.vbrick.apiusercreation.APIEnvSetup" name="AT_verify_userCreation_2" time="52.583"/>
  <testcase classname="com.vbrick.apiusercreation.APIEnvSetup" name="AT_verify_userCreation_3" time="57.377"/>
  <testcase classname="com.vbrick.apiusercreation.APIEnvSetup" name="AT_verify_userCreation_1" time="53.186"/>
  <testcase classname="com.vbrick.apiusercreation.APIEnvSetup" name="AT_verify_userCreation_6" time="55.305"/>
  <testcase classname="com.vbrick.apiusercreation.APIEnvSetup" name="AT_verify_userCreation_4" time="56.346"/>
  <testcase classname="com.vbrick.apiusercreation.APIEnvSetup" name="AT_verify_userCreation_5" time="52.818"/>
</testsuite> <!-- com.vbrick.apiusercreation.APIEnvSetup -->
