<?xml version="1.0" encoding="UTF-8"?>
<!-- Generated by org.testng.reporters.JUnitReportReporter -->
<testsuite hostname="VA-WIN7QA-01" name="com.vbrick.avenger.videocommentapi_AV_9879_testcases.ApproveVideoAPI" tests="4" failures="0" timestamp="19 Sep 2022 14:55:23 GMT" time="1011.703" errors="0">
  <testcase name="TC_01_PUT_ApproveVideopendingforapproval_api_check_With_MediaContributor_Positive" time="221.064" classname="com.vbrick.avenger.videocommentapi_AV_9879_testcases.ApproveVideoAPI"/>
  <testcase name="TC_04_PUT_ApproveVideopendingforapproval_api_check_With_EventAdmin_Positive" time="240.264" classname="com.vbrick.avenger.videocommentapi_AV_9879_testcases.ApproveVideoAPI"/>
  <testcase name="TC_03_PUT_ApproveVideopendingforapproval_api_check_With_MediaAdmin_Positive" time="308.625" classname="com.vbrick.avenger.videocommentapi_AV_9879_testcases.ApproveVideoAPI"/>
  <testcase name="TC_02_PUT_ApproveVideopendingforapproval_api_check_With_MediaViewer_Positive" time="241.750" classname="com.vbrick.avenger.videocommentapi_AV_9879_testcases.ApproveVideoAPI"/>
</testsuite> <!-- com.vbrick.avenger.videocommentapi_AV_9879_testcases.ApproveVideoAPI -->
