<?xml version="1.0" encoding="UTF-8"?>
<!-- Generated by org.testng.reporters.JUnitReportReporter -->
<testsuite hostname="VA-WIN7QA-01" name="com.vbrick.avenger.videocommentapi_AV_9879_testcases.StartWebCast" tests="1" failures="0" timestamp="20 Sep 2022 06:56:55 GMT" time="127.463" errors="0">
  <testcase name="TC_08_StartEventAPI_with_EventHost_Positive" time="127.463" classname="com.vbrick.avenger.videocommentapi_AV_9879_testcases.StartWebCast"/>
</testsuite> <!-- com.vbrick.avenger.videocommentapi_AV_9879_testcases.StartWebCast -->
