<?xml version="1.0" encoding="UTF-8"?>
<!-- Generated by org.testng.reporters.JUnitReportReporter -->
<testsuite hostname="IN-GudafwRS" failures="0" tests="1" name="com.vbrick.avenger.videocommentapi_AV_9879_testcases.DeleteVideoComments" time="67.083" errors="0" timestamp="14 Feb 2023 10:28:41 GMT" skipped="0">
  <testcase classname="com.vbrick.avenger.videocommentapi_AV_9879_testcases.DeleteVideoComments" name="TC_08_Delete_VideoCommentsAPI_api_check_with_OneValid_OneInvalid_CommentIds_AccountAdmins_Positive" time="67.083"/>
</testsuite> <!-- com.vbrick.avenger.videocommentapi_AV_9879_testcases.DeleteVideoComments -->
