<?xml version="1.0" encoding="UTF-8"?>
<!-- Generated by org.testng.reporters.JUnitReportReporter -->
<testsuite hostname="IN-GudafwRS" failures="0" tests="1" name="com.vbrick.avenger.videocommentapi_AV_9879_testcases.UserDetailsWithUserIDApi_AV_9873" time="49.811" errors="0" timestamp="16 Feb 2023 05:26:02 GMT" skipped="0">
  <testcase classname="com.vbrick.avenger.videocommentapi_AV_9879_testcases.UserDetailsWithUserIDApi_AV_9873" name="TC_09_GET_UserDetails_withUserID_andGetUserImage_Api_with_AccountAdmin_Positive" time="49.811"/>
</testsuite> <!-- com.vbrick.avenger.videocommentapi_AV_9879_testcases.UserDetailsWithUserIDApi_AV_9873 -->
