<?xml version="1.0" encoding="UTF-8"?>
<!-- Generated by org.testng.reporters.JUnitReportReporter -->
<testsuite hostname="IN-GudafwRS" failures="0" tests="75" name="com.vbrick.apiusercreation.MediaViewer_UserCreation_API_1_40" time="2813.014" errors="0" timestamp="13 Feb 2023 15:54:50 GMT" skipped="0">
  <testcase classname="com.vbrick.apiusercreation.MediaViewer_UserCreation_API_1_40" name="AT_verify_userCreation_1to40" time="36.638"/>
  <testcase classname="com.vbrick.apiusercreation.MediaViewer_UserCreation_API_1_40" name="AT_verify_userCreation_1to40" time="36.386"/>
  <testcase classname="com.vbrick.apiusercreation.MediaViewer_UserCreation_API_1_40" name="AT_verify_userCreation_1to40" time="36.383"/>
  <testcase classname="com.vbrick.apiusercreation.MediaViewer_UserCreation_API_1_40" name="AT_verify_userCreation_1to40" time="37.249"/>
  <testcase classname="com.vbrick.apiusercreation.MediaViewer_UserCreation_API_1_40" name="AT_verify_userCreation_1to40" time="37.026"/>
  <testcase classname="com.vbrick.apiusercreation.MediaViewer_UserCreation_API_1_40" name="AT_verify_userCreation_1to40" time="36.537"/>
  <testcase classname="com.vbrick.apiusercreation.MediaViewer_UserCreation_API_1_40" name="AT_verify_userCreation_1to40" time="41.154"/>
  <testcase classname="com.vbrick.apiusercreation.MediaViewer_UserCreation_API_1_40" name="AT_verify_userCreation_1to40" time="37.035"/>
  <testcase classname="com.vbrick.apiusercreation.MediaViewer_UserCreation_API_1_40" name="AT_verify_userCreation_1to40" time="37.810"/>
  <testcase classname="com.vbrick.apiusercreation.MediaViewer_UserCreation_API_1_40" name="AT_verify_userCreation_1to40" time="36.357"/>
  <testcase classname="com.vbrick.apiusercreation.MediaViewer_UserCreation_API_1_40" name="AT_verify_userCreation_1to40" time="36.591"/>
  <testcase classname="com.vbrick.apiusercreation.MediaViewer_UserCreation_API_1_40" name="AT_verify_userCreation_1to40" time="36.331"/>
  <testcase classname="com.vbrick.apiusercreation.MediaViewer_UserCreation_API_1_40" name="AT_verify_userCreation_1to40" time="37.020"/>
  <testcase classname="com.vbrick.apiusercreation.MediaViewer_UserCreation_API_1_40" name="AT_verify_userCreation_1to40" time="37.033"/>
  <testcase classname="com.vbrick.apiusercreation.MediaViewer_UserCreation_API_1_40" name="AT_verify_userCreation_1to40" time="37.327"/>
  <testcase classname="com.vbrick.apiusercreation.MediaViewer_UserCreation_API_1_40" name="AT_verify_userCreation_1to40" time="36.496"/>
  <testcase classname="com.vbrick.apiusercreation.MediaViewer_UserCreation_API_1_40" name="AT_verify_userCreation_1to40" time="37.952"/>
  <testcase classname="com.vbrick.apiusercreation.MediaViewer_UserCreation_API_1_40" name="AT_verify_userCreation_1to40" time="36.556"/>
  <testcase classname="com.vbrick.apiusercreation.MediaViewer_UserCreation_API_1_40" name="AT_verify_userCreation_1to40" time="36.952"/>
  <testcase classname="com.vbrick.apiusercreation.MediaViewer_UserCreation_API_1_40" name="AT_verify_userCreation_1to40" time="36.636"/>
  <testcase classname="com.vbrick.apiusercreation.MediaViewer_UserCreation_API_1_40" name="AT_verify_userCreation_1to40" time="36.695"/>
  <testcase classname="com.vbrick.apiusercreation.MediaViewer_UserCreation_API_1_40" name="AT_verify_userCreation_1to40" time="36.519"/>
  <testcase classname="com.vbrick.apiusercreation.MediaViewer_UserCreation_API_1_40" name="AT_verify_userCreation_1to40" time="36.317"/>
  <testcase classname="com.vbrick.apiusercreation.MediaViewer_UserCreation_API_1_40" name="AT_verify_userCreation_1to40" time="37.249"/>
  <testcase classname="com.vbrick.apiusercreation.MediaViewer_UserCreation_API_1_40" name="AT_verify_userCreation_1to40" time="36.362"/>
  <testcase classname="com.vbrick.apiusercreation.MediaViewer_UserCreation_API_1_40" name="AT_verify_userCreation_1to40" time="36.724"/>
  <testcase classname="com.vbrick.apiusercreation.MediaViewer_UserCreation_API_1_40" name="AT_verify_userCreation_1to40" time="36.801"/>
  <testcase classname="com.vbrick.apiusercreation.MediaViewer_UserCreation_API_1_40" name="AT_verify_userCreation_1to40" time="38.332"/>
  <testcase classname="com.vbrick.apiusercreation.MediaViewer_UserCreation_API_1_40" name="AT_verify_userCreation_1to40" time="36.981"/>
  <testcase classname="com.vbrick.apiusercreation.MediaViewer_UserCreation_API_1_40" name="AT_verify_userCreation_1to40" time="37.162"/>
  <testcase classname="com.vbrick.apiusercreation.MediaViewer_UserCreation_API_1_40" name="AT_verify_userCreation_1to40" time="36.379"/>
  <testcase classname="com.vbrick.apiusercreation.MediaViewer_UserCreation_API_1_40" name="AT_verify_userCreation_1to40" time="36.440"/>
  <testcase classname="com.vbrick.apiusercreation.MediaViewer_UserCreation_API_1_40" name="AT_verify_userCreation_1to40" time="36.517"/>
  <testcase classname="com.vbrick.apiusercreation.MediaViewer_UserCreation_API_1_40" name="AT_verify_userCreation_1to40" time="36.637"/>
  <testcase classname="com.vbrick.apiusercreation.MediaViewer_UserCreation_API_1_40" name="AT_verify_userCreation_1to40" time="38.165"/>
  <testcase classname="com.vbrick.apiusercreation.MediaViewer_UserCreation_API_1_40" name="AT_verify_userCreation_1to40" time="37.461"/>
  <testcase classname="com.vbrick.apiusercreation.MediaViewer_UserCreation_API_1_40" name="AT_verify_userCreation_1to40" time="36.793"/>
  <testcase classname="com.vbrick.apiusercreation.MediaViewer_UserCreation_API_1_40" name="AT_verify_userCreation_1to40" time="38.075"/>
  <testcase classname="com.vbrick.apiusercreation.MediaViewer_UserCreation_API_1_40" name="AT_verify_userCreation_1to40" time="37.135"/>
  <testcase classname="com.vbrick.apiusercreation.MediaViewer_UserCreation_API_1_40" name="AT_verify_userCreation_1to40" time="36.704"/>
  <testcase classname="com.vbrick.apiusercreation.MediaViewer_UserCreation_API_1_40" name="AT_verify_userCreation_1to40" time="37.325"/>
  <testcase classname="com.vbrick.apiusercreation.MediaViewer_UserCreation_API_1_40" name="AT_verify_userCreation_1to40" time="36.533"/>
  <testcase classname="com.vbrick.apiusercreation.MediaViewer_UserCreation_API_1_40" name="AT_verify_userCreation_1to40" time="36.733"/>
  <testcase classname="com.vbrick.apiusercreation.MediaViewer_UserCreation_API_1_40" name="AT_verify_userCreation_1to40" time="79.173"/>
  <testcase classname="com.vbrick.apiusercreation.MediaViewer_UserCreation_API_1_40" name="AT_verify_userCreation_1to40" time="36.968"/>
  <testcase classname="com.vbrick.apiusercreation.MediaViewer_UserCreation_API_1_40" name="AT_verify_userCreation_1to40" time="37.091"/>
  <testcase classname="com.vbrick.apiusercreation.MediaViewer_UserCreation_API_1_40" name="AT_verify_userCreation_1to40" time="36.754"/>
  <testcase classname="com.vbrick.apiusercreation.MediaViewer_UserCreation_API_1_40" name="AT_verify_userCreation_1to40" time="36.243"/>
  <testcase classname="com.vbrick.apiusercreation.MediaViewer_UserCreation_API_1_40" name="AT_verify_userCreation_1to40" time="37.109"/>
  <testcase classname="com.vbrick.apiusercreation.MediaViewer_UserCreation_API_1_40" name="AT_verify_userCreation_1to40" time="37.254"/>
  <testcase classname="com.vbrick.apiusercreation.MediaViewer_UserCreation_API_1_40" name="AT_verify_userCreation_1to40" time="36.614"/>
  <testcase classname="com.vbrick.apiusercreation.MediaViewer_UserCreation_API_1_40" name="AT_verify_userCreation_1to40" time="36.405"/>
  <testcase classname="com.vbrick.apiusercreation.MediaViewer_UserCreation_API_1_40" name="AT_verify_userCreation_1to40" time="37.403"/>
  <testcase classname="com.vbrick.apiusercreation.MediaViewer_UserCreation_API_1_40" name="AT_verify_userCreation_1to40" time="36.577"/>
  <testcase classname="com.vbrick.apiusercreation.MediaViewer_UserCreation_API_1_40" name="AT_verify_userCreation_1to40" time="36.596"/>
  <testcase classname="com.vbrick.apiusercreation.MediaViewer_UserCreation_API_1_40" name="AT_verify_userCreation_1to40" time="37.500"/>
  <testcase classname="com.vbrick.apiusercreation.MediaViewer_UserCreation_API_1_40" name="AT_verify_userCreation_1to40" time="36.660"/>
  <testcase classname="com.vbrick.apiusercreation.MediaViewer_UserCreation_API_1_40" name="AT_verify_userCreation_1to40" time="37.018"/>
  <testcase classname="com.vbrick.apiusercreation.MediaViewer_UserCreation_API_1_40" name="AT_verify_userCreation_1to40" time="36.413"/>
  <testcase classname="com.vbrick.apiusercreation.MediaViewer_UserCreation_API_1_40" name="AT_verify_userCreation_1to40" time="36.660"/>
  <testcase classname="com.vbrick.apiusercreation.MediaViewer_UserCreation_API_1_40" name="AT_verify_userCreation_1to40" time="36.451"/>
  <testcase classname="com.vbrick.apiusercreation.MediaViewer_UserCreation_API_1_40" name="AT_verify_userCreation_1to40" time="36.734"/>
  <testcase classname="com.vbrick.apiusercreation.MediaViewer_UserCreation_API_1_40" name="AT_verify_userCreation_1to40" time="38.600"/>
  <testcase classname="com.vbrick.apiusercreation.MediaViewer_UserCreation_API_1_40" name="AT_verify_userCreation_1to40" time="37.213"/>
  <testcase classname="com.vbrick.apiusercreation.MediaViewer_UserCreation_API_1_40" name="AT_verify_userCreation_1to40" time="36.427"/>
  <testcase classname="com.vbrick.apiusercreation.MediaViewer_UserCreation_API_1_40" name="AT_verify_userCreation_1to40" time="36.808"/>
  <testcase classname="com.vbrick.apiusercreation.MediaViewer_UserCreation_API_1_40" name="AT_verify_userCreation_1to40" time="36.533"/>
  <testcase classname="com.vbrick.apiusercreation.MediaViewer_UserCreation_API_1_40" name="AT_verify_userCreation_1to40" time="36.592"/>
  <testcase classname="com.vbrick.apiusercreation.MediaViewer_UserCreation_API_1_40" name="AT_verify_userCreation_1to40" time="36.832"/>
  <testcase classname="com.vbrick.apiusercreation.MediaViewer_UserCreation_API_1_40" name="AT_verify_userCreation_1to40" time="36.704"/>
  <testcase classname="com.vbrick.apiusercreation.MediaViewer_UserCreation_API_1_40" name="AT_verify_userCreation_1to40" time="36.764"/>
  <testcase classname="com.vbrick.apiusercreation.MediaViewer_UserCreation_API_1_40" name="AT_verify_userCreation_1to40" time="36.619"/>
  <testcase classname="com.vbrick.apiusercreation.MediaViewer_UserCreation_API_1_40" name="AT_verify_userCreation_1to40" time="36.948"/>
  <testcase classname="com.vbrick.apiusercreation.MediaViewer_UserCreation_API_1_40" name="AT_verify_userCreation_1to40" time="36.508"/>
  <testcase classname="com.vbrick.apiusercreation.MediaViewer_UserCreation_API_1_40" name="AT_verify_userCreation_1to40" time="37.335"/>
</testsuite> <!-- com.vbrick.apiusercreation.MediaViewer_UserCreation_API_1_40 -->
